[ 2016-07-20T11:35:13+08:00 ] ::1 /thinkPHP/index.php/Home/Admin/index
INFO: [ app_init ] --START--
INFO: Run Behavior\BuildLiteBehavior [ RunTime:0.000048s ]
INFO: [ app_init ] --END-- [ RunTime:0.001308s ]
INFO: [ app_begin ] --START--
INFO: Run Behavior\ReadHtmlCacheBehavior [ RunTime:0.023966s ]
INFO: [ app_begin ] --END-- [ RunTime:0.024132s ]
NOTIC: [2048] Declaration of Home\Controller\AdminController::show() should be compatible with Think\Controller::show($content, $charset = '', $contentType = '', $prefix = '') C:\wamp64\www\thinkPHP\Application\Home\Controller\AdminController.class.php 第 123 行.
INFO: [ view_parse ] --START--
INFO: [ template_filter ] --START--
INFO: Run Behavior\ContentReplaceBehavior [ RunTime:0.000107s ]
INFO: [ template_filter ] --END-- [ RunTime:0.000343s ]
INFO: Run Behavior\ParseTemplateBehavior [ RunTime:0.264725s ]
INFO: [ view_parse ] --END-- [ RunTime:0.264948s ]
INFO: [ view_filter ] --START--
INFO: Run Behavior\WriteHtmlCacheBehavior [ RunTime:0.041182s ]
INFO: [ view_filter ] --END-- [ RunTime:0.041324s ]
INFO: [ app_end ] --START--
INFO: Run Behavior\ShowPageTraceBehavior [ RunTime:0.023000s ]
INFO: [ app_end ] --END-- [ RunTime:0.023148s ]

[ 2016-07-20T11:35:15+08:00 ] ::1 /thinkPHP/index.php/Home/Admin/login
INFO: [ app_init ] --START--
INFO: Run Behavior\BuildLiteBehavior [ RunTime:0.000027s ]
INFO: [ app_init ] --END-- [ RunTime:0.000682s ]
INFO: [ app_begin ] --START--
INFO: Run Behavior\ReadHtmlCacheBehavior [ RunTime:0.000815s ]
INFO: [ app_begin ] --END-- [ RunTime:0.000945s ]
NOTIC: [2048] Declaration of Home\Controller\AdminController::show() should be compatible with Think\Controller::show($content, $charset = '', $contentType = '', $prefix = '') C:\wamp64\www\thinkPHP\Application\Home\Controller\AdminController.class.php 第 123 行.
SQL: SHOW COLUMNS FROM `sq_admin` [ RunTime:0.0111s ]
SQL: SELECT * FROM `sq_admin` WHERE `name` = '陈华静' AND `password` = 'chj1104' LIMIT 1   [ RunTime:0.0010s ]
INFO: [ view_parse ] --START--
INFO: [ template_filter ] --START--
INFO: Run Behavior\ContentReplaceBehavior [ RunTime:0.000333s ]
INFO: [ template_filter ] --END-- [ RunTime:0.000745s ]
NOTIC: [8] Undefined variable: name C:\wamp64\www\thinkPHP\Application\Runtime\Cache\Home\af5728857a9855e3cc50f3b5e3cf1c11.php 第 17 行.
NOTIC: [8] Use of undefined constant computer - assumed 'computer' C:\wamp64\www\thinkPHP\Application\Runtime\Cache\Home\af5728857a9855e3cc50f3b5e3cf1c11.php 第 55 行.
NOTIC: [8] Undefined variable: type C:\wamp64\www\thinkPHP\Application\Runtime\Cache\Home\af5728857a9855e3cc50f3b5e3cf1c11.php 第 55 行.
NOTIC: [8] Use of undefined constant son - assumed 'son' C:\wamp64\www\thinkPHP\Application\Runtime\Cache\Home\af5728857a9855e3cc50f3b5e3cf1c11.php 第 113 行.
NOTIC: [8] Undefined variable: type C:\wamp64\www\thinkPHP\Application\Runtime\Cache\Home\af5728857a9855e3cc50f3b5e3cf1c11.php 第 113 行.
INFO: Run Behavior\ParseTemplateBehavior [ RunTime:0.060888s ]
INFO: [ view_parse ] --END-- [ RunTime:0.061162s ]
INFO: [ view_filter ] --START--
INFO: Run Behavior\WriteHtmlCacheBehavior [ RunTime:0.000835s ]
INFO: [ view_filter ] --END-- [ RunTime:0.000985s ]
INFO: [ app_end ] --START--
INFO: Run Behavior\ShowPageTraceBehavior [ RunTime:0.001072s ]
INFO: [ app_end ] --END-- [ RunTime:0.001248s ]

[ 2016-07-20T11:35:17+08:00 ] ::1 /thinkPHP/index.php/Home/Admin/show/type/computer
INFO: [ app_init ] --START--
INFO: Run Behavior\BuildLiteBehavior [ RunTime:0.000051s ]
INFO: [ app_init ] --END-- [ RunTime:0.000812s ]
INFO: [ app_begin ] --START--
INFO: Run Behavior\ReadHtmlCacheBehavior [ RunTime:0.000947s ]
INFO: [ app_begin ] --END-- [ RunTime:0.001094s ]
NOTIC: [2048] Declaration of Home\Controller\AdminController::show() should be compatible with Think\Controller::show($content, $charset = '', $contentType = '', $prefix = '') C:\wamp64\www\thinkPHP\Application\Home\Controller\AdminController.class.php 第 123 行.
SQL: SHOW COLUMNS FROM `sq_computer` [ RunTime:0.0156s ]
SQL: SELECT * FROM `sq_computer`  [ RunTime:0.0006s ]
INFO: [ view_parse ] --START--
INFO: [ template_filter ] --START--
INFO: Run Behavior\ContentReplaceBehavior [ RunTime:0.000286s ]
INFO: [ template_filter ] --END-- [ RunTime:0.000632s ]
NOTIC: [8] Undefined variable: name C:\wamp64\www\thinkPHP\Application\Runtime\Cache\Home\af5728857a9855e3cc50f3b5e3cf1c11.php 第 17 行.
NOTIC: [8] Use of undefined constant computer - assumed 'computer' C:\wamp64\www\thinkPHP\Application\Runtime\Cache\Home\af5728857a9855e3cc50f3b5e3cf1c11.php 第 55 行.
INFO: Run Behavior\ParseTemplateBehavior [ RunTime:0.031612s ]
INFO: [ view_parse ] --END-- [ RunTime:0.031912s ]
INFO: [ view_filter ] --START--
INFO: Run Behavior\WriteHtmlCacheBehavior [ RunTime:0.000974s ]
INFO: [ view_filter ] --END-- [ RunTime:0.001145s ]
INFO: [ app_end ] --START--
INFO: Run Behavior\ShowPageTraceBehavior [ RunTime:0.001770s ]
INFO: [ app_end ] --END-- [ RunTime:0.002066s ]

[ 2016-07-20T11:35:59+08:00 ] ::1 /thinkPHP/index.php/Home/Admin/sort/roletype/computer/sort/colour
INFO: [ app_init ] --START--
INFO: Run Behavior\BuildLiteBehavior [ RunTime:0.000032s ]
INFO: [ app_init ] --END-- [ RunTime:0.000672s ]
INFO: [ app_begin ] --START--
INFO: Run Behavior\ReadHtmlCacheBehavior [ RunTime:0.000930s ]
INFO: [ app_begin ] --END-- [ RunTime:0.001078s ]
NOTIC: [2048] Declaration of Home\Controller\AdminController::show() should be compatible with Think\Controller::show($content, $charset = '', $contentType = '', $prefix = '') C:\wamp64\www\thinkPHP\Application\Home\Controller\AdminController.class.php 第 123 行.
SQL: SHOW COLUMNS FROM `sq_computer` [ RunTime:0.0726s ]
SQL: SELECT * FROM `sq_computer` ORDER BY colour  [ RunTime:0.0024s ]
INFO: [ view_parse ] --START--
INFO: [ template_filter ] --START--
INFO: Run Behavior\ContentReplaceBehavior [ RunTime:0.000189s ]
INFO: [ template_filter ] --END-- [ RunTime:0.000415s ]
NOTIC: [8] Undefined variable: name C:\wamp64\www\thinkPHP\Application\Runtime\Cache\Home\af5728857a9855e3cc50f3b5e3cf1c11.php 第 17 行.
NOTIC: [8] Use of undefined constant computer - assumed 'computer' C:\wamp64\www\thinkPHP\Application\Runtime\Cache\Home\af5728857a9855e3cc50f3b5e3cf1c11.php 第 55 行.
INFO: Run Behavior\ParseTemplateBehavior [ RunTime:0.030038s ]
INFO: [ view_parse ] --END-- [ RunTime:0.030523s ]
INFO: [ view_filter ] --START--
INFO: Run Behavior\WriteHtmlCacheBehavior [ RunTime:0.001479s ]
INFO: [ view_filter ] --END-- [ RunTime:0.001735s ]
INFO: [ app_end ] --START--
INFO: Run Behavior\ShowPageTraceBehavior [ RunTime:0.002158s ]
INFO: [ app_end ] --END-- [ RunTime:0.002488s ]

[ 2016-07-20T11:36:02+08:00 ] ::1 /thinkPHP/index.php/Home/Admin/sort/roletype/computer/sort/media_price
INFO: [ app_init ] --START--
INFO: Run Behavior\BuildLiteBehavior [ RunTime:0.000031s ]
INFO: [ app_init ] --END-- [ RunTime:0.000660s ]
INFO: [ app_begin ] --START--
INFO: Run Behavior\ReadHtmlCacheBehavior [ RunTime:0.000952s ]
INFO: [ app_begin ] --END-- [ RunTime:0.001096s ]
NOTIC: [2048] Declaration of Home\Controller\AdminController::show() should be compatible with Think\Controller::show($content, $charset = '', $contentType = '', $prefix = '') C:\wamp64\www\thinkPHP\Application\Home\Controller\AdminController.class.php 第 123 行.
SQL: SHOW COLUMNS FROM `sq_computer` [ RunTime:0.0170s ]
SQL: SELECT * FROM `sq_computer` ORDER BY media_price  [ RunTime:0.0015s ]
INFO: [ view_parse ] --START--
INFO: [ template_filter ] --START--
INFO: Run Behavior\ContentReplaceBehavior [ RunTime:0.000225s ]
INFO: [ template_filter ] --END-- [ RunTime:0.000503s ]
NOTIC: [8] Undefined variable: name C:\wamp64\www\thinkPHP\Application\Runtime\Cache\Home\af5728857a9855e3cc50f3b5e3cf1c11.php 第 17 行.
NOTIC: [8] Use of undefined constant computer - assumed 'computer' C:\wamp64\www\thinkPHP\Application\Runtime\Cache\Home\af5728857a9855e3cc50f3b5e3cf1c11.php 第 55 行.
INFO: Run Behavior\ParseTemplateBehavior [ RunTime:0.028591s ]
INFO: [ view_parse ] --END-- [ RunTime:0.028889s ]
INFO: [ view_filter ] --START--
INFO: Run Behavior\WriteHtmlCacheBehavior [ RunTime:0.001550s ]
INFO: [ view_filter ] --END-- [ RunTime:0.001820s ]
INFO: [ app_end ] --START--
INFO: Run Behavior\ShowPageTraceBehavior [ RunTime:0.002602s ]
INFO: [ app_end ] --END-- [ RunTime:0.003001s ]

[ 2016-07-20T11:36:03+08:00 ] ::1 /thinkPHP/index.php/Home/Admin/sort/roletype/computer/sort/type
INFO: [ app_init ] --START--
INFO: Run Behavior\BuildLiteBehavior [ RunTime:0.000054s ]
INFO: [ app_init ] --END-- [ RunTime:0.002412s ]
INFO: [ app_begin ] --START--
INFO: Run Behavior\ReadHtmlCacheBehavior [ RunTime:0.003300s ]
INFO: [ app_begin ] --END-- [ RunTime:0.003654s ]
NOTIC: [2048] Declaration of Home\Controller\AdminController::show() should be compatible with Think\Controller::show($content, $charset = '', $contentType = '', $prefix = '') C:\wamp64\www\thinkPHP\Application\Home\Controller\AdminController.class.php 第 123 行.
SQL: SHOW COLUMNS FROM `sq_computer` [ RunTime:0.0015s ]
SQL: SELECT * FROM `sq_computer` ORDER BY type  [ RunTime:0.0011s ]
INFO: [ view_parse ] --START--
INFO: [ template_filter ] --START--
INFO: Run Behavior\ContentReplaceBehavior [ RunTime:0.000181s ]
INFO: [ template_filter ] --END-- [ RunTime:0.000417s ]
NOTIC: [8] Undefined variable: name C:\wamp64\www\thinkPHP\Application\Runtime\Cache\Home\af5728857a9855e3cc50f3b5e3cf1c11.php 第 17 行.
NOTIC: [8] Use of undefined constant computer - assumed 'computer' C:\wamp64\www\thinkPHP\Application\Runtime\Cache\Home\af5728857a9855e3cc50f3b5e3cf1c11.php 第 55 行.
INFO: Run Behavior\ParseTemplateBehavior [ RunTime:0.019323s ]
INFO: [ view_parse ] --END-- [ RunTime:0.019568s ]
INFO: [ view_filter ] --START--
INFO: Run Behavior\WriteHtmlCacheBehavior [ RunTime:0.001150s ]
INFO: [ view_filter ] --END-- [ RunTime:0.001382s ]
INFO: [ app_end ] --START--
INFO: Run Behavior\ShowPageTraceBehavior [ RunTime:0.001629s ]
INFO: [ app_end ] --END-- [ RunTime:0.001867s ]

[ 2016-07-20T11:36:06+08:00 ] ::1 /thinkPHP/index.php/Home/Admin/show/type/son
INFO: [ app_init ] --START--
INFO: Run Behavior\BuildLiteBehavior [ RunTime:0.000025s ]
INFO: [ app_init ] --END-- [ RunTime:0.000572s ]
INFO: [ app_begin ] --START--
INFO: Run Behavior\ReadHtmlCacheBehavior [ RunTime:0.000728s ]
INFO: [ app_begin ] --END-- [ RunTime:0.000848s ]
NOTIC: [2048] Declaration of Home\Controller\AdminController::show() should be compatible with Think\Controller::show($content, $charset = '', $contentType = '', $prefix = '') C:\wamp64\www\thinkPHP\Application\Home\Controller\AdminController.class.php 第 123 行.
SQL: SHOW COLUMNS FROM `sq_admin` [ RunTime:0.0033s ]
SQL: SELECT * FROM `sq_admin`  [ RunTime:0.0009s ]
INFO: [ view_parse ] --START--
INFO: [ template_filter ] --START--
INFO: Run Behavior\ContentReplaceBehavior [ RunTime:0.000191s ]
INFO: [ template_filter ] --END-- [ RunTime:0.000434s ]
NOTIC: [8] Undefined variable: name C:\wamp64\www\thinkPHP\Application\Runtime\Cache\Home\af5728857a9855e3cc50f3b5e3cf1c11.php 第 17 行.
NOTIC: [8] Use of undefined constant computer - assumed 'computer' C:\wamp64\www\thinkPHP\Application\Runtime\Cache\Home\af5728857a9855e3cc50f3b5e3cf1c11.php 第 55 行.
NOTIC: [8] Use of undefined constant son - assumed 'son' C:\wamp64\www\thinkPHP\Application\Runtime\Cache\Home\af5728857a9855e3cc50f3b5e3cf1c11.php 第 113 行.
INFO: Run Behavior\ParseTemplateBehavior [ RunTime:0.033942s ]
INFO: [ view_parse ] --END-- [ RunTime:0.034263s ]
INFO: [ view_filter ] --START--
INFO: Run Behavior\WriteHtmlCacheBehavior [ RunTime:0.001815s ]
INFO: [ view_filter ] --END-- [ RunTime:0.002044s ]
INFO: [ app_end ] --START--
INFO: Run Behavior\ShowPageTraceBehavior [ RunTime:0.001730s ]
INFO: [ app_end ] --END-- [ RunTime:0.001968s ]

[ 2016-07-20T11:36:08+08:00 ] ::1 /thinkPHP/index.php/Home/Admin/show/type/computer
INFO: [ app_init ] --START--
INFO: Run Behavior\BuildLiteBehavior [ RunTime:0.000043s ]
INFO: [ app_init ] --END-- [ RunTime:0.000677s ]
INFO: [ app_begin ] --START--
INFO: Run Behavior\ReadHtmlCacheBehavior [ RunTime:0.000906s ]
INFO: [ app_begin ] --END-- [ RunTime:0.001062s ]
NOTIC: [2048] Declaration of Home\Controller\AdminController::show() should be compatible with Think\Controller::show($content, $charset = '', $contentType = '', $prefix = '') C:\wamp64\www\thinkPHP\Application\Home\Controller\AdminController.class.php 第 123 行.
SQL: SHOW COLUMNS FROM `sq_computer` [ RunTime:0.0155s ]
SQL: SELECT * FROM `sq_computer`  [ RunTime:0.0014s ]
INFO: [ view_parse ] --START--
INFO: [ template_filter ] --START--
INFO: Run Behavior\ContentReplaceBehavior [ RunTime:0.000343s ]
INFO: [ template_filter ] --END-- [ RunTime:0.000763s ]
NOTIC: [8] Undefined variable: name C:\wamp64\www\thinkPHP\Application\Runtime\Cache\Home\af5728857a9855e3cc50f3b5e3cf1c11.php 第 17 行.
NOTIC: [8] Use of undefined constant computer - assumed 'computer' C:\wamp64\www\thinkPHP\Application\Runtime\Cache\Home\af5728857a9855e3cc50f3b5e3cf1c11.php 第 55 行.
INFO: Run Behavior\ParseTemplateBehavior [ RunTime:0.039775s ]
INFO: [ view_parse ] --END-- [ RunTime:0.040319s ]
INFO: [ view_filter ] --START--
INFO: Run Behavior\WriteHtmlCacheBehavior [ RunTime:0.001748s ]
INFO: [ view_filter ] --END-- [ RunTime:0.002106s ]
INFO: [ app_end ] --START--
INFO: Run Behavior\ShowPageTraceBehavior [ RunTime:0.002527s ]
INFO: [ app_end ] --END-- [ RunTime:0.002919s ]

[ 2016-07-20T11:36:14+08:00 ] ::1 /thinkPHP/index.php/Home/Admin/sort/roletype/computer/sort/type
INFO: [ app_init ] --START--
INFO: Run Behavior\BuildLiteBehavior [ RunTime:0.000026s ]
INFO: [ app_init ] --END-- [ RunTime:0.000535s ]
INFO: [ app_begin ] --START--
INFO: Run Behavior\ReadHtmlCacheBehavior [ RunTime:0.000744s ]
INFO: [ app_begin ] --END-- [ RunTime:0.000866s ]
NOTIC: [2048] Declaration of Home\Controller\AdminController::show() should be compatible with Think\Controller::show($content, $charset = '', $contentType = '', $prefix = '') C:\wamp64\www\thinkPHP\Application\Home\Controller\AdminController.class.php 第 123 行.
SQL: SHOW COLUMNS FROM `sq_computer` [ RunTime:0.0250s ]
SQL: SELECT * FROM `sq_computer` ORDER BY type  [ RunTime:0.0022s ]
INFO: [ view_parse ] --START--
INFO: [ template_filter ] --START--
INFO: Run Behavior\ContentReplaceBehavior [ RunTime:0.000332s ]
INFO: [ template_filter ] --END-- [ RunTime:0.000717s ]
NOTIC: [8] Undefined variable: name C:\wamp64\www\thinkPHP\Application\Runtime\Cache\Home\af5728857a9855e3cc50f3b5e3cf1c11.php 第 17 行.
NOTIC: [8] Use of undefined constant computer - assumed 'computer' C:\wamp64\www\thinkPHP\Application\Runtime\Cache\Home\af5728857a9855e3cc50f3b5e3cf1c11.php 第 55 行.
INFO: Run Behavior\ParseTemplateBehavior [ RunTime:0.036022s ]
INFO: [ view_parse ] --END-- [ RunTime:0.036311s ]
INFO: [ view_filter ] --START--
INFO: Run Behavior\WriteHtmlCacheBehavior [ RunTime:0.000929s ]
INFO: [ view_filter ] --END-- [ RunTime:0.001090s ]
INFO: [ app_end ] --START--
INFO: Run Behavior\ShowPageTraceBehavior [ RunTime:0.001936s ]
INFO: [ app_end ] --END-- [ RunTime:0.002128s ]

[ 2016-07-20T11:36:56+08:00 ] ::1 /thinkPHP/index.php/Home/Admin/sort/roletype/computer/sort/colour
INFO: [ app_init ] --START--
INFO: Run Behavior\BuildLiteBehavior [ RunTime:0.000030s ]
INFO: [ app_init ] --END-- [ RunTime:0.000683s ]
INFO: [ app_begin ] --START--
INFO: Run Behavior\ReadHtmlCacheBehavior [ RunTime:0.000807s ]
INFO: [ app_begin ] --END-- [ RunTime:0.000919s ]
NOTIC: [2048] Declaration of Home\Controller\AdminController::show() should be compatible with Think\Controller::show($content, $charset = '', $contentType = '', $prefix = '') C:\wamp64\www\thinkPHP\Application\Home\Controller\AdminController.class.php 第 123 行.
SQL: SHOW COLUMNS FROM `sq_computer` [ RunTime:0.0105s ]
SQL: SELECT * FROM `sq_computer` ORDER BY colour  [ RunTime:0.0006s ]
INFO: [ view_parse ] --START--
INFO: [ template_filter ] --START--
INFO: Run Behavior\ContentReplaceBehavior [ RunTime:0.000095s ]
INFO: [ template_filter ] --END-- [ RunTime:0.000210s ]
NOTIC: [8] Undefined variable: name C:\wamp64\www\thinkPHP\Application\Runtime\Cache\Home\af5728857a9855e3cc50f3b5e3cf1c11.php 第 17 行.
NOTIC: [8] Use of undefined constant computer - assumed 'computer' C:\wamp64\www\thinkPHP\Application\Runtime\Cache\Home\af5728857a9855e3cc50f3b5e3cf1c11.php 第 55 行.
INFO: Run Behavior\ParseTemplateBehavior [ RunTime:0.011999s ]
INFO: [ view_parse ] --END-- [ RunTime:0.012127s ]
INFO: [ view_filter ] --START--
INFO: Run Behavior\WriteHtmlCacheBehavior [ RunTime:0.000699s ]
INFO: [ view_filter ] --END-- [ RunTime:0.000804s ]
INFO: [ app_end ] --START--
INFO: Run Behavior\ShowPageTraceBehavior [ RunTime:0.001088s ]
INFO: [ app_end ] --END-- [ RunTime:0.001260s ]

[ 2016-07-20T11:37:12+08:00 ] ::1 /thinkPHP/index.php/Home/Admin/sort/roletype/computer/sort/colour
INFO: [ app_init ] --START--
INFO: Run Behavior\BuildLiteBehavior [ RunTime:0.000029s ]
INFO: [ app_init ] --END-- [ RunTime:0.000586s ]
INFO: [ app_begin ] --START--
INFO: Run Behavior\ReadHtmlCacheBehavior [ RunTime:0.000762s ]
INFO: [ app_begin ] --END-- [ RunTime:0.000907s ]
NOTIC: [2048] Declaration of Home\Controller\AdminController::show() should be compatible with Think\Controller::show($content, $charset = '', $contentType = '', $prefix = '') C:\wamp64\www\thinkPHP\Application\Home\Controller\AdminController.class.php 第 123 行.
SQL: SHOW COLUMNS FROM `sq_computer` [ RunTime:0.0169s ]
SQL: SELECT * FROM `sq_computer` ORDER BY colour  [ RunTime:0.0007s ]
INFO: [ view_parse ] --START--
INFO: [ template_filter ] --START--
INFO: Run Behavior\ContentReplaceBehavior [ RunTime:0.000092s ]
INFO: [ template_filter ] --END-- [ RunTime:0.000206s ]
NOTIC: [8] Undefined variable: name C:\wamp64\www\thinkPHP\Application\Runtime\Cache\Home\af5728857a9855e3cc50f3b5e3cf1c11.php 第 17 行.
NOTIC: [8] Use of undefined constant computer - assumed 'computer' C:\wamp64\www\thinkPHP\Application\Runtime\Cache\Home\af5728857a9855e3cc50f3b5e3cf1c11.php 第 55 行.
INFO: Run Behavior\ParseTemplateBehavior [ RunTime:0.011599s ]
INFO: [ view_parse ] --END-- [ RunTime:0.011772s ]
INFO: [ view_filter ] --START--
INFO: Run Behavior\WriteHtmlCacheBehavior [ RunTime:0.000951s ]
INFO: [ view_filter ] --END-- [ RunTime:0.001093s ]
INFO: [ app_end ] --START--
INFO: Run Behavior\ShowPageTraceBehavior [ RunTime:0.000920s ]
INFO: [ app_end ] --END-- [ RunTime:0.001069s ]

