[ 2016-06-10T16:36:52+08:00 ] ::1 /thinkPHP/index.php/Home/UserService/login
INFO: [ app_init ] --START--
INFO: Run Behavior\BuildLiteBehavior [ RunTime:0.000036s ]
INFO: [ app_init ] --END-- [ RunTime:0.066864s ]
INFO: [ app_begin ] --START--
INFO: Run Behavior\ReadHtmlCacheBehavior [ RunTime:0.012852s ]
INFO: [ app_begin ] --END-- [ RunTime:0.013016s ]
INFO: [ view_parse ] --START--
INFO: [ template_filter ] --START--
INFO: Run Behavior\ContentReplaceBehavior [ RunTime:0.036346s ]
INFO: [ template_filter ] --END-- [ RunTime:0.036583s ]
INFO: Run Behavior\ParseTemplateBehavior [ RunTime:0.355419s ]
INFO: [ view_parse ] --END-- [ RunTime:0.355621s ]
INFO: [ view_filter ] --START--
INFO: Run Behavior\WriteHtmlCacheBehavior [ RunTime:0.009589s ]
INFO: [ view_filter ] --END-- [ RunTime:0.009783s ]
INFO: [ app_end ] --START--
INFO: Run Behavior\ShowPageTraceBehavior [ RunTime:0.036234s ]
INFO: [ app_end ] --END-- [ RunTime:0.036458s ]

[ 2016-06-10T16:36:55+08:00 ] ::1 /thinkPHP/index.php/Home/UserService/search
INFO: [ app_init ] --START--
INFO: Run Behavior\BuildLiteBehavior [ RunTime:0.000031s ]
INFO: [ app_init ] --END-- [ RunTime:0.000789s ]
INFO: [ app_begin ] --START--
INFO: Run Behavior\ReadHtmlCacheBehavior [ RunTime:0.001113s ]
INFO: [ app_begin ] --END-- [ RunTime:0.010454s ]
NOTIC: [8] Undefined index: level C:\wamp64\www\thinkPHP\Application\Home\Controller\UserServiceController.class.php 第 235 行.
NOTIC: [8] Undefined index: condition C:\wamp64\www\thinkPHP\Application\Home\Controller\UserServiceController.class.php 第 236 行.
SQL: SHOW COLUMNS FROM `sq_user` [ RunTime:0.2773s ]
ERR: 1054:Unknown column '' in 'where clause'
 [ SQL语句 ] : SELECT * FROM `sq_user` WHERE (  `name` = null OR `` LIKE '%%' ) 
ERR: 1054:Unknown column '' in 'where clause'
 [ SQL语句 ] : SELECT * FROM `sq_user` WHERE (  `name` = null OR `` LIKE '%%' ) 

[ 2016-06-10T16:37:09+08:00 ] ::1 /thinkPHP/index.php/Home/UserService/search
INFO: [ app_init ] --START--
INFO: Run Behavior\BuildLiteBehavior [ RunTime:0.000041s ]
INFO: [ app_init ] --END-- [ RunTime:0.001046s ]
INFO: [ app_begin ] --START--
INFO: Run Behavior\ReadHtmlCacheBehavior [ RunTime:0.001651s ]
INFO: [ app_begin ] --END-- [ RunTime:0.001857s ]
NOTIC: [8] Undefined index: level C:\wamp64\www\thinkPHP\Application\Home\Controller\UserServiceController.class.php 第 235 行.
NOTIC: [8] Undefined index: condition C:\wamp64\www\thinkPHP\Application\Home\Controller\UserServiceController.class.php 第 236 行.
SQL: SHOW COLUMNS FROM `sq_user` [ RunTime:0.0303s ]
ERR: 1054:Unknown column '' in 'where clause'
 [ SQL语句 ] : SELECT * FROM `sq_user` WHERE (  `name` = null OR `` LIKE '%%' ) 
ERR: 1054:Unknown column '' in 'where clause'
 [ SQL语句 ] : SELECT * FROM `sq_user` WHERE (  `name` = null OR `` LIKE '%%' ) 

