[ 2016-05-11T10:48:38+08:00 ] ::1 /thinkPHP/index.php/Home/UserService/index
INFO: [ app_init ] --START--
INFO: Run Behavior\BuildLiteBehavior [ RunTime:0.000029s ]
INFO: [ app_init ] --END-- [ RunTime:0.006922s ]
INFO: [ app_begin ] --START--
INFO: Run Behavior\ReadHtmlCacheBehavior [ RunTime:0.012644s ]
INFO: [ app_begin ] --END-- [ RunTime:0.012847s ]
INFO: [ view_parse ] --START--
INFO: [ template_filter ] --START--
INFO: Run Behavior\ContentReplaceBehavior [ RunTime:0.035906s ]
INFO: [ template_filter ] --END-- [ RunTime:0.036158s ]
NOTIC: [8] Undefined variable: list C:\wamp64\www\thinkPHP\Application\Runtime\Cache\Home\335144dbeaf03ea3cddadd2a012b3a45.php 第 57 行.
INFO: Run Behavior\ParseTemplateBehavior [ RunTime:0.113451s ]
INFO: [ view_parse ] --END-- [ RunTime:0.113609s ]
INFO: [ view_filter ] --START--
INFO: Run Behavior\WriteHtmlCacheBehavior [ RunTime:0.001034s ]
INFO: [ view_filter ] --END-- [ RunTime:0.001227s ]
INFO: [ app_end ] --START--
INFO: Run Behavior\ShowPageTraceBehavior [ RunTime:0.001257s ]
INFO: [ app_end ] --END-- [ RunTime:0.001450s ]

[ 2016-05-11T10:48:40+08:00 ] ::1 /thinkPHP/index.php/Home/UserService/PersonalhomepageSelf
INFO: [ app_init ] --START--
INFO: Run Behavior\BuildLiteBehavior [ RunTime:0.000028s ]
INFO: [ app_init ] --END-- [ RunTime:0.000729s ]
INFO: [ app_begin ] --START--
INFO: Run Behavior\ReadHtmlCacheBehavior [ RunTime:0.000701s ]
INFO: [ app_begin ] --END-- [ RunTime:0.000828s ]
INFO: [ view_parse ] --START--
INFO: [ template_filter ] --START--
INFO: Run Behavior\ContentReplaceBehavior [ RunTime:0.000082s ]
INFO: [ template_filter ] --END-- [ RunTime:0.000203s ]
NOTIC: [8] Undefined index: user C:\wamp64\www\thinkPHP\Application\Runtime\Cache\Home\fa7016a871d1432154e109bcb8e0604c.php 第 48 行.
NOTIC: [8] Undefined index: user C:\wamp64\www\thinkPHP\Application\Runtime\Cache\Home\fa7016a871d1432154e109bcb8e0604c.php 第 53 行.
NOTIC: [8] Undefined index: age C:\wamp64\www\thinkPHP\Application\Runtime\Cache\Home\fa7016a871d1432154e109bcb8e0604c.php 第 56 行.
NOTIC: [8] Undefined index: nick C:\wamp64\www\thinkPHP\Application\Runtime\Cache\Home\fa7016a871d1432154e109bcb8e0604c.php 第 59 行.
NOTIC: [8] Undefined index: sex C:\wamp64\www\thinkPHP\Application\Runtime\Cache\Home\fa7016a871d1432154e109bcb8e0604c.php 第 62 行.
NOTIC: [8] Undefined index: email C:\wamp64\www\thinkPHP\Application\Runtime\Cache\Home\fa7016a871d1432154e109bcb8e0604c.php 第 65 行.
NOTIC: [8] Undefined index: phone C:\wamp64\www\thinkPHP\Application\Runtime\Cache\Home\fa7016a871d1432154e109bcb8e0604c.php 第 68 行.
NOTIC: [8] Undefined index: identify C:\wamp64\www\thinkPHP\Application\Runtime\Cache\Home\fa7016a871d1432154e109bcb8e0604c.php 第 71 行.
NOTIC: [8] Undefined index: location C:\wamp64\www\thinkPHP\Application\Runtime\Cache\Home\fa7016a871d1432154e109bcb8e0604c.php 第 74 行.
NOTIC: [8] Undefined index: description C:\wamp64\www\thinkPHP\Application\Runtime\Cache\Home\fa7016a871d1432154e109bcb8e0604c.php 第 77 行.
NOTIC: [8] Undefined index: levela C:\wamp64\www\thinkPHP\Application\Runtime\Cache\Home\fa7016a871d1432154e109bcb8e0604c.php 第 84 行.
NOTIC: [8] Undefined index: levelb C:\wamp64\www\thinkPHP\Application\Runtime\Cache\Home\fa7016a871d1432154e109bcb8e0604c.php 第 89 行.
NOTIC: [8] Undefined index: levelc C:\wamp64\www\thinkPHP\Application\Runtime\Cache\Home\fa7016a871d1432154e109bcb8e0604c.php 第 94 行.
INFO: Run Behavior\ParseTemplateBehavior [ RunTime:0.008993s ]
INFO: [ view_parse ] --END-- [ RunTime:0.009107s ]
INFO: [ view_filter ] --START--
INFO: Run Behavior\WriteHtmlCacheBehavior [ RunTime:0.000548s ]
INFO: [ view_filter ] --END-- [ RunTime:0.000660s ]
INFO: [ app_end ] --START--
INFO: Run Behavior\ShowPageTraceBehavior [ RunTime:0.000867s ]
INFO: [ app_end ] --END-- [ RunTime:0.000993s ]

[ 2016-05-11T10:48:42+08:00 ] ::1 /thinkPHP/index.php/Home/UserService/logon
INFO: [ app_init ] --START--
INFO: Run Behavior\BuildLiteBehavior [ RunTime:0.000042s ]
INFO: [ app_init ] --END-- [ RunTime:0.000751s ]
INFO: [ app_begin ] --START--
INFO: Run Behavior\ReadHtmlCacheBehavior [ RunTime:0.000764s ]
INFO: [ app_begin ] --END-- [ RunTime:0.000921s ]
INFO: [ view_parse ] --START--
INFO: [ template_filter ] --START--
INFO: Run Behavior\ContentReplaceBehavior [ RunTime:0.000064s ]
INFO: [ template_filter ] --END-- [ RunTime:0.000185s ]
INFO: Run Behavior\ParseTemplateBehavior [ RunTime:0.015869s ]
INFO: [ view_parse ] --END-- [ RunTime:0.016131s ]
INFO: [ view_filter ] --START--
INFO: Run Behavior\WriteHtmlCacheBehavior [ RunTime:0.000627s ]
INFO: [ view_filter ] --END-- [ RunTime:0.000770s ]
INFO: [ app_end ] --START--
INFO: Run Behavior\ShowPageTraceBehavior [ RunTime:0.000846s ]
INFO: [ app_end ] --END-- [ RunTime:0.001005s ]

[ 2016-05-11T10:48:43+08:00 ] ::1 /thinkPHP/index.php/Home/UserService/login
INFO: [ app_init ] --START--
INFO: Run Behavior\BuildLiteBehavior [ RunTime:0.000030s ]
INFO: [ app_init ] --END-- [ RunTime:0.000717s ]
INFO: [ app_begin ] --START--
INFO: Run Behavior\ReadHtmlCacheBehavior [ RunTime:0.000805s ]
INFO: [ app_begin ] --END-- [ RunTime:0.000951s ]
INFO: [ view_parse ] --START--
INFO: [ template_filter ] --START--
INFO: Run Behavior\ContentReplaceBehavior [ RunTime:0.000088s ]
INFO: [ template_filter ] --END-- [ RunTime:0.000236s ]
INFO: Run Behavior\ParseTemplateBehavior [ RunTime:0.024839s ]
INFO: [ view_parse ] --END-- [ RunTime:0.024991s ]
INFO: [ view_filter ] --START--
INFO: Run Behavior\WriteHtmlCacheBehavior [ RunTime:0.000621s ]
INFO: [ view_filter ] --END-- [ RunTime:0.000754s ]
INFO: [ app_end ] --START--
INFO: Run Behavior\ShowPageTraceBehavior [ RunTime:0.000847s ]
INFO: [ app_end ] --END-- [ RunTime:0.000988s ]

[ 2016-05-11T10:48:44+08:00 ] ::1 /thinkPHP/index.php/Home/UserService/valid
INFO: [ app_init ] --START--
INFO: Run Behavior\BuildLiteBehavior [ RunTime:0.000054s ]
INFO: [ app_init ] --END-- [ RunTime:0.001029s ]
INFO: [ app_begin ] --START--
INFO: Run Behavior\ReadHtmlCacheBehavior [ RunTime:0.001341s ]
INFO: [ app_begin ] --END-- [ RunTime:0.001590s ]
INFO: [ app_end ] --START--
INFO: Run Behavior\ShowPageTraceBehavior [ RunTime:0.001553s ]
INFO: [ app_end ] --END-- [ RunTime:0.001813s ]

[ 2016-05-11T10:48:52+08:00 ] ::1 /thinkPHP/index.php/Home/UserService/logins
INFO: [ app_init ] --START--
INFO: Run Behavior\BuildLiteBehavior [ RunTime:0.000050s ]
INFO: [ app_init ] --END-- [ RunTime:0.000907s ]
INFO: [ app_begin ] --START--
INFO: Run Behavior\ReadHtmlCacheBehavior [ RunTime:0.000908s ]
INFO: [ app_begin ] --END-- [ RunTime:0.001068s ]
SQL: SHOW COLUMNS FROM `sq_user` [ RunTime:0.0028s ]
NOTIC: [8] Undefined index: validate C:\wamp64\www\thinkPHP\ThinkPHP\Library\Think\Model.class.php 第 1185 行.
NOTIC: [8] Undefined index: auto C:\wamp64\www\thinkPHP\ThinkPHP\Library\Think\Model.class.php 第 1128 行.
SQL: SELECT * FROM `sq_user` WHERE `phone` = '111' LIMIT 1   [ RunTime:0.0007s ]
INFO: [ view_parse ] --START--
INFO: [ template_filter ] --START--
INFO: Run Behavior\ContentReplaceBehavior [ RunTime:0.000126s ]
INFO: [ template_filter ] --END-- [ RunTime:0.000275s ]
NOTIC: [8] Undefined variable: list C:\wamp64\www\thinkPHP\Application\Runtime\Cache\Home\335144dbeaf03ea3cddadd2a012b3a45.php 第 57 行.
INFO: Run Behavior\ParseTemplateBehavior [ RunTime:0.011310s ]
INFO: [ view_parse ] --END-- [ RunTime:0.011461s ]
INFO: [ view_filter ] --START--
INFO: Run Behavior\WriteHtmlCacheBehavior [ RunTime:0.000764s ]
INFO: [ view_filter ] --END-- [ RunTime:0.000902s ]
INFO: [ app_end ] --START--
INFO: Run Behavior\ShowPageTraceBehavior [ RunTime:0.001019s ]
INFO: [ app_end ] --END-- [ RunTime:0.001294s ]

[ 2016-05-11T10:48:53+08:00 ] ::1 /thinkPHP/index.php/Home/UserService/PersonalhomepageSelf
INFO: [ app_init ] --START--
INFO: Run Behavior\BuildLiteBehavior [ RunTime:0.000031s ]
INFO: [ app_init ] --END-- [ RunTime:0.000737s ]
INFO: [ app_begin ] --START--
INFO: Run Behavior\ReadHtmlCacheBehavior [ RunTime:0.000787s ]
INFO: [ app_begin ] --END-- [ RunTime:0.000951s ]
INFO: [ view_parse ] --START--
INFO: [ template_filter ] --START--
INFO: Run Behavior\ContentReplaceBehavior [ RunTime:0.000102s ]
INFO: [ template_filter ] --END-- [ RunTime:0.000257s ]
NOTIC: [8] Undefined index: age C:\wamp64\www\thinkPHP\Application\Runtime\Cache\Home\fa7016a871d1432154e109bcb8e0604c.php 第 56 行.
NOTIC: [8] Undefined index: nick C:\wamp64\www\thinkPHP\Application\Runtime\Cache\Home\fa7016a871d1432154e109bcb8e0604c.php 第 59 行.
NOTIC: [8] Undefined index: sex C:\wamp64\www\thinkPHP\Application\Runtime\Cache\Home\fa7016a871d1432154e109bcb8e0604c.php 第 62 行.
NOTIC: [8] Undefined index: email C:\wamp64\www\thinkPHP\Application\Runtime\Cache\Home\fa7016a871d1432154e109bcb8e0604c.php 第 65 行.
NOTIC: [8] Undefined index: phone C:\wamp64\www\thinkPHP\Application\Runtime\Cache\Home\fa7016a871d1432154e109bcb8e0604c.php 第 68 行.
NOTIC: [8] Undefined index: identify C:\wamp64\www\thinkPHP\Application\Runtime\Cache\Home\fa7016a871d1432154e109bcb8e0604c.php 第 71 行.
NOTIC: [8] Undefined index: location C:\wamp64\www\thinkPHP\Application\Runtime\Cache\Home\fa7016a871d1432154e109bcb8e0604c.php 第 74 行.
NOTIC: [8] Undefined index: description C:\wamp64\www\thinkPHP\Application\Runtime\Cache\Home\fa7016a871d1432154e109bcb8e0604c.php 第 77 行.
NOTIC: [8] Undefined index: levela C:\wamp64\www\thinkPHP\Application\Runtime\Cache\Home\fa7016a871d1432154e109bcb8e0604c.php 第 84 行.
NOTIC: [8] Undefined index: levelb C:\wamp64\www\thinkPHP\Application\Runtime\Cache\Home\fa7016a871d1432154e109bcb8e0604c.php 第 89 行.
NOTIC: [8] Undefined index: levelc C:\wamp64\www\thinkPHP\Application\Runtime\Cache\Home\fa7016a871d1432154e109bcb8e0604c.php 第 94 行.
INFO: Run Behavior\ParseTemplateBehavior [ RunTime:0.010128s ]
INFO: [ view_parse ] --END-- [ RunTime:0.010297s ]
INFO: [ view_filter ] --START--
INFO: Run Behavior\WriteHtmlCacheBehavior [ RunTime:0.000643s ]
INFO: [ view_filter ] --END-- [ RunTime:0.000775s ]
INFO: [ app_end ] --START--
INFO: Run Behavior\ShowPageTraceBehavior [ RunTime:0.000821s ]
INFO: [ app_end ] --END-- [ RunTime:0.000986s ]

[ 2016-05-11T10:49:15+08:00 ] ::1 /thinkPHP/index.php/Home/UserService/uploadZ
INFO: [ app_init ] --START--
INFO: Run Behavior\BuildLiteBehavior [ RunTime:0.000029s ]
INFO: [ app_init ] --END-- [ RunTime:0.000723s ]
INFO: [ app_begin ] --START--
INFO: Run Behavior\ReadHtmlCacheBehavior [ RunTime:0.000684s ]
INFO: [ app_begin ] --END-- [ RunTime:0.000804s ]
NOTIC: [2] call_user_func() expects parameter 1 to be a valid callback, no array or string given C:\wamp64\www\thinkPHP\ThinkPHP\Library\Think\Upload.class.php 第 170 行.
NOTIC: [2] call_user_func() expects parameter 1 to be a valid callback, no array or string given C:\wamp64\www\thinkPHP\ThinkPHP\Library\Think\Upload.class.php 第 170 行.
NOTIC: [2] call_user_func() expects parameter 1 to be a valid callback, no array or string given C:\wamp64\www\thinkPHP\ThinkPHP\Library\Think\Upload.class.php 第 170 行.
SQL: SHOW COLUMNS FROM `sq_coa` [ RunTime:0.0017s ]
ERR: 1452:Cannot add or update a child row: a foreign key constraint fails (`music`.`sq_coa`, CONSTRAINT `phone` FOREIGN KEY (`phone`) REFERENCES `sq_teacher` (`phone`) ON DELETE CASCADE ON UPDATE CASCADE)
 [ SQL语句 ] : INSERT INTO `sq_coa` (`phone`,`coa`) VALUES ('111','57329dabd3ccc.gif')
ERR: 1452:Cannot add or update a child row: a foreign key constraint fails (`music`.`sq_coa`, CONSTRAINT `phone` FOREIGN KEY (`phone`) REFERENCES `sq_teacher` (`phone`) ON DELETE CASCADE ON UPDATE CASCADE)
 [ SQL语句 ] : INSERT INTO `sq_coa` (`phone`,`coa`) VALUES ('111','57329dabd3ccc.gif')

[ 2016-05-11T10:50:47+08:00 ] ::1 /thinkPHP/index.php/Home/UserService/uploadZ
INFO: [ app_init ] --START--
INFO: Run Behavior\BuildLiteBehavior [ RunTime:0.000029s ]
INFO: [ app_init ] --END-- [ RunTime:0.000709s ]
INFO: [ app_begin ] --START--
INFO: Run Behavior\ReadHtmlCacheBehavior [ RunTime:0.001334s ]
INFO: [ app_begin ] --END-- [ RunTime:0.001489s ]
NOTIC: [2] call_user_func() expects parameter 1 to be a valid callback, no array or string given C:\wamp64\www\thinkPHP\ThinkPHP\Library\Think\Upload.class.php 第 170 行.
NOTIC: [2] call_user_func() expects parameter 1 to be a valid callback, no array or string given C:\wamp64\www\thinkPHP\ThinkPHP\Library\Think\Upload.class.php 第 170 行.
NOTIC: [2] call_user_func() expects parameter 1 to be a valid callback, no array or string given C:\wamp64\www\thinkPHP\ThinkPHP\Library\Think\Upload.class.php 第 170 行.
SQL: SHOW COLUMNS FROM `sq_coa` [ RunTime:0.0015s ]
SQL: INSERT INTO `sq_coa` (`phone`,`coa`) VALUES ('111','57329e06c2d5d.gif') [ RunTime:0.0696s ]
SQL: INSERT INTO `sq_coa` (`phone`,`coa`) VALUES ('111','57329e06c35d4.gif') [ RunTime:0.0555s ]
SQL: INSERT INTO `sq_coa` (`phone`,`coa`) VALUES ('111','57329e06c3e44.gif') [ RunTime:0.1213s ]
INFO: [ view_parse ] --START--
INFO: [ template_filter ] --START--
INFO: Run Behavior\ContentReplaceBehavior [ RunTime:0.000067s ]
INFO: [ template_filter ] --END-- [ RunTime:0.000185s ]
INFO: Run Behavior\ParseTemplateBehavior [ RunTime:0.020768s ]
INFO: [ view_parse ] --END-- [ RunTime:0.020915s ]
INFO: [ view_filter ] --START--
INFO: Run Behavior\WriteHtmlCacheBehavior [ RunTime:0.000838s ]
INFO: [ view_filter ] --END-- [ RunTime:0.000959s ]
INFO: [ app_end ] --START--
INFO: Run Behavior\ShowPageTraceBehavior [ RunTime:0.000864s ]
INFO: [ app_end ] --END-- [ RunTime:0.000975s ]

[ 2016-05-11T10:50:48+08:00 ] ::1 /thinkPHP/index.php/Home/UserService/PersonalhomepageSelf
INFO: [ app_init ] --START--
INFO: Run Behavior\BuildLiteBehavior [ RunTime:0.000041s ]
INFO: [ app_init ] --END-- [ RunTime:0.001214s ]
INFO: [ app_begin ] --START--
INFO: Run Behavior\ReadHtmlCacheBehavior [ RunTime:0.000876s ]
INFO: [ app_begin ] --END-- [ RunTime:0.001015s ]
INFO: [ view_parse ] --START--
INFO: [ template_filter ] --START--
INFO: Run Behavior\ContentReplaceBehavior [ RunTime:0.000079s ]
INFO: [ template_filter ] --END-- [ RunTime:0.000199s ]
NOTIC: [8] Undefined index: age C:\wamp64\www\thinkPHP\Application\Runtime\Cache\Home\fa7016a871d1432154e109bcb8e0604c.php 第 56 行.
NOTIC: [8] Undefined index: nick C:\wamp64\www\thinkPHP\Application\Runtime\Cache\Home\fa7016a871d1432154e109bcb8e0604c.php 第 59 行.
NOTIC: [8] Undefined index: sex C:\wamp64\www\thinkPHP\Application\Runtime\Cache\Home\fa7016a871d1432154e109bcb8e0604c.php 第 62 行.
NOTIC: [8] Undefined index: email C:\wamp64\www\thinkPHP\Application\Runtime\Cache\Home\fa7016a871d1432154e109bcb8e0604c.php 第 65 行.
NOTIC: [8] Undefined index: phone C:\wamp64\www\thinkPHP\Application\Runtime\Cache\Home\fa7016a871d1432154e109bcb8e0604c.php 第 68 行.
NOTIC: [8] Undefined index: identify C:\wamp64\www\thinkPHP\Application\Runtime\Cache\Home\fa7016a871d1432154e109bcb8e0604c.php 第 71 行.
NOTIC: [8] Undefined index: location C:\wamp64\www\thinkPHP\Application\Runtime\Cache\Home\fa7016a871d1432154e109bcb8e0604c.php 第 74 行.
NOTIC: [8] Undefined index: description C:\wamp64\www\thinkPHP\Application\Runtime\Cache\Home\fa7016a871d1432154e109bcb8e0604c.php 第 77 行.
NOTIC: [8] Undefined index: levela C:\wamp64\www\thinkPHP\Application\Runtime\Cache\Home\fa7016a871d1432154e109bcb8e0604c.php 第 84 行.
NOTIC: [8] Undefined index: levelb C:\wamp64\www\thinkPHP\Application\Runtime\Cache\Home\fa7016a871d1432154e109bcb8e0604c.php 第 89 行.
NOTIC: [8] Undefined index: levelc C:\wamp64\www\thinkPHP\Application\Runtime\Cache\Home\fa7016a871d1432154e109bcb8e0604c.php 第 94 行.
INFO: Run Behavior\ParseTemplateBehavior [ RunTime:0.010063s ]
INFO: [ view_parse ] --END-- [ RunTime:0.010221s ]
INFO: [ view_filter ] --START--
INFO: Run Behavior\WriteHtmlCacheBehavior [ RunTime:0.000752s ]
INFO: [ view_filter ] --END-- [ RunTime:0.000860s ]
INFO: [ app_end ] --START--
INFO: Run Behavior\ShowPageTraceBehavior [ RunTime:0.000985s ]
INFO: [ app_end ] --END-- [ RunTime:0.001123s ]

[ 2016-05-11T10:58:14+08:00 ] ::1 /thinkPHP/index.php/Home/UserService/PersonalhomepageSelf
INFO: [ app_init ] --START--
INFO: Run Behavior\BuildLiteBehavior [ RunTime:0.000055s ]
INFO: [ app_init ] --END-- [ RunTime:0.001055s ]
INFO: [ app_begin ] --START--
INFO: Run Behavior\ReadHtmlCacheBehavior [ RunTime:0.000975s ]
INFO: [ app_begin ] --END-- [ RunTime:0.001131s ]
INFO: [ view_parse ] --START--
INFO: [ template_filter ] --START--
INFO: Run Behavior\ContentReplaceBehavior [ RunTime:0.000123s ]
INFO: [ template_filter ] --END-- [ RunTime:0.000272s ]
NOTIC: [8] Undefined index: age C:\wamp64\www\thinkPHP\Application\Runtime\Cache\Home\fa7016a871d1432154e109bcb8e0604c.php 第 65 行.
NOTIC: [8] Undefined index: nick C:\wamp64\www\thinkPHP\Application\Runtime\Cache\Home\fa7016a871d1432154e109bcb8e0604c.php 第 68 行.
NOTIC: [8] Undefined index: sex C:\wamp64\www\thinkPHP\Application\Runtime\Cache\Home\fa7016a871d1432154e109bcb8e0604c.php 第 71 行.
NOTIC: [8] Undefined index: email C:\wamp64\www\thinkPHP\Application\Runtime\Cache\Home\fa7016a871d1432154e109bcb8e0604c.php 第 74 行.
NOTIC: [8] Undefined index: phone C:\wamp64\www\thinkPHP\Application\Runtime\Cache\Home\fa7016a871d1432154e109bcb8e0604c.php 第 77 行.
NOTIC: [8] Undefined index: identify C:\wamp64\www\thinkPHP\Application\Runtime\Cache\Home\fa7016a871d1432154e109bcb8e0604c.php 第 80 行.
NOTIC: [8] Undefined index: location C:\wamp64\www\thinkPHP\Application\Runtime\Cache\Home\fa7016a871d1432154e109bcb8e0604c.php 第 83 行.
NOTIC: [8] Undefined index: description C:\wamp64\www\thinkPHP\Application\Runtime\Cache\Home\fa7016a871d1432154e109bcb8e0604c.php 第 86 行.
NOTIC: [8] Undefined index: levela C:\wamp64\www\thinkPHP\Application\Runtime\Cache\Home\fa7016a871d1432154e109bcb8e0604c.php 第 93 行.
NOTIC: [8] Undefined index: levelb C:\wamp64\www\thinkPHP\Application\Runtime\Cache\Home\fa7016a871d1432154e109bcb8e0604c.php 第 98 行.
NOTIC: [8] Undefined index: levelc C:\wamp64\www\thinkPHP\Application\Runtime\Cache\Home\fa7016a871d1432154e109bcb8e0604c.php 第 103 行.
INFO: Run Behavior\ParseTemplateBehavior [ RunTime:0.011089s ]
INFO: [ view_parse ] --END-- [ RunTime:0.011258s ]
INFO: [ view_filter ] --START--
INFO: Run Behavior\WriteHtmlCacheBehavior [ RunTime:0.000805s ]
INFO: [ view_filter ] --END-- [ RunTime:0.000946s ]
INFO: [ app_end ] --START--
INFO: Run Behavior\ShowPageTraceBehavior [ RunTime:0.000984s ]
INFO: [ app_end ] --END-- [ RunTime:0.001124s ]

[ 2016-05-11T10:59:22+08:00 ] ::1 /thinkPHP/index.php/Home/UserService/uploadV
INFO: [ app_init ] --START--
INFO: Run Behavior\BuildLiteBehavior [ RunTime:0.000027s ]
INFO: [ app_init ] --END-- [ RunTime:0.000708s ]
INFO: [ app_begin ] --START--
INFO: Run Behavior\ReadHtmlCacheBehavior [ RunTime:0.000881s ]
INFO: [ app_begin ] --END-- [ RunTime:0.001008s ]
INFO: [ view_parse ] --START--
INFO: [ template_filter ] --START--
INFO: Run Behavior\ContentReplaceBehavior [ RunTime:0.000084s ]
INFO: [ template_filter ] --END-- [ RunTime:0.000221s ]
INFO: Run Behavior\ParseTemplateBehavior [ RunTime:0.008312s ]
INFO: [ view_parse ] --END-- [ RunTime:0.008475s ]
INFO: [ view_filter ] --START--
INFO: Run Behavior\WriteHtmlCacheBehavior [ RunTime:0.000677s ]
INFO: [ view_filter ] --END-- [ RunTime:0.000789s ]

[ 2016-05-11T11:00:06+08:00 ] ::1 /thinkPHP/index.php/Home/UserService/uploadV
INFO: [ app_init ] --START--
INFO: Run Behavior\BuildLiteBehavior [ RunTime:0.000028s ]
INFO: [ app_init ] --END-- [ RunTime:0.000716s ]
INFO: [ app_begin ] --START--
INFO: Run Behavior\ReadHtmlCacheBehavior [ RunTime:0.000793s ]
INFO: [ app_begin ] --END-- [ RunTime:0.000930s ]
INFO: [ view_parse ] --START--
INFO: [ template_filter ] --START--
INFO: Run Behavior\ContentReplaceBehavior [ RunTime:0.000078s ]
INFO: [ template_filter ] --END-- [ RunTime:0.000204s ]
INFO: Run Behavior\ParseTemplateBehavior [ RunTime:0.007448s ]
INFO: [ view_parse ] --END-- [ RunTime:0.007590s ]
INFO: [ view_filter ] --START--
INFO: Run Behavior\WriteHtmlCacheBehavior [ RunTime:0.000594s ]
INFO: [ view_filter ] --END-- [ RunTime:0.000720s ]

[ 2016-05-11T11:00:42+08:00 ] ::1 /thinkPHP/index.php/Home/UserService/uploadV
INFO: [ app_init ] --START--
INFO: Run Behavior\BuildLiteBehavior [ RunTime:0.000030s ]
INFO: [ app_init ] --END-- [ RunTime:0.000673s ]
INFO: [ app_begin ] --START--
INFO: Run Behavior\ReadHtmlCacheBehavior [ RunTime:0.000748s ]
INFO: [ app_begin ] --END-- [ RunTime:0.000886s ]
INFO: [ view_parse ] --START--
INFO: [ template_filter ] --START--
INFO: Run Behavior\ContentReplaceBehavior [ RunTime:0.000071s ]
INFO: [ template_filter ] --END-- [ RunTime:0.000198s ]
INFO: Run Behavior\ParseTemplateBehavior [ RunTime:0.007341s ]
INFO: [ view_parse ] --END-- [ RunTime:0.007484s ]
INFO: [ view_filter ] --START--
INFO: Run Behavior\WriteHtmlCacheBehavior [ RunTime:0.000604s ]
INFO: [ view_filter ] --END-- [ RunTime:0.000722s ]

[ 2016-05-11T11:00:59+08:00 ] ::1 /thinkPHP/index.php/Home/UserService/PersonalhomepageSelf
INFO: [ app_init ] --START--
INFO: Run Behavior\BuildLiteBehavior [ RunTime:0.000036s ]
INFO: [ app_init ] --END-- [ RunTime:0.000887s ]
INFO: [ app_begin ] --START--
INFO: Run Behavior\ReadHtmlCacheBehavior [ RunTime:0.000829s ]
INFO: [ app_begin ] --END-- [ RunTime:0.000986s ]
INFO: [ view_parse ] --START--
INFO: [ template_filter ] --START--
INFO: Run Behavior\ContentReplaceBehavior [ RunTime:0.000102s ]
INFO: [ template_filter ] --END-- [ RunTime:0.000256s ]
NOTIC: [8] Undefined index: age C:\wamp64\www\thinkPHP\Application\Runtime\Cache\Home\fa7016a871d1432154e109bcb8e0604c.php 第 65 行.
NOTIC: [8] Undefined index: nick C:\wamp64\www\thinkPHP\Application\Runtime\Cache\Home\fa7016a871d1432154e109bcb8e0604c.php 第 68 行.
NOTIC: [8] Undefined index: sex C:\wamp64\www\thinkPHP\Application\Runtime\Cache\Home\fa7016a871d1432154e109bcb8e0604c.php 第 71 行.
NOTIC: [8] Undefined index: email C:\wamp64\www\thinkPHP\Application\Runtime\Cache\Home\fa7016a871d1432154e109bcb8e0604c.php 第 74 行.
NOTIC: [8] Undefined index: phone C:\wamp64\www\thinkPHP\Application\Runtime\Cache\Home\fa7016a871d1432154e109bcb8e0604c.php 第 77 行.
NOTIC: [8] Undefined index: identify C:\wamp64\www\thinkPHP\Application\Runtime\Cache\Home\fa7016a871d1432154e109bcb8e0604c.php 第 80 行.
NOTIC: [8] Undefined index: location C:\wamp64\www\thinkPHP\Application\Runtime\Cache\Home\fa7016a871d1432154e109bcb8e0604c.php 第 83 行.
NOTIC: [8] Undefined index: description C:\wamp64\www\thinkPHP\Application\Runtime\Cache\Home\fa7016a871d1432154e109bcb8e0604c.php 第 86 行.
NOTIC: [8] Undefined index: levela C:\wamp64\www\thinkPHP\Application\Runtime\Cache\Home\fa7016a871d1432154e109bcb8e0604c.php 第 93 行.
NOTIC: [8] Undefined index: levelb C:\wamp64\www\thinkPHP\Application\Runtime\Cache\Home\fa7016a871d1432154e109bcb8e0604c.php 第 98 行.
NOTIC: [8] Undefined index: levelc C:\wamp64\www\thinkPHP\Application\Runtime\Cache\Home\fa7016a871d1432154e109bcb8e0604c.php 第 103 行.
INFO: Run Behavior\ParseTemplateBehavior [ RunTime:0.010567s ]
INFO: [ view_parse ] --END-- [ RunTime:0.010730s ]
INFO: [ view_filter ] --START--
INFO: Run Behavior\WriteHtmlCacheBehavior [ RunTime:0.000632s ]
INFO: [ view_filter ] --END-- [ RunTime:0.000772s ]
INFO: [ app_end ] --START--
INFO: Run Behavior\ShowPageTraceBehavior [ RunTime:0.001051s ]
INFO: [ app_end ] --END-- [ RunTime:0.001194s ]

[ 2016-05-11T11:01:01+08:00 ] ::1 /thinkPHP/index.php/Home/UserService/uploadV
INFO: [ app_init ] --START--
INFO: Run Behavior\BuildLiteBehavior [ RunTime:0.000033s ]
INFO: [ app_init ] --END-- [ RunTime:0.000789s ]
INFO: [ app_begin ] --START--
INFO: Run Behavior\ReadHtmlCacheBehavior [ RunTime:0.000739s ]
INFO: [ app_begin ] --END-- [ RunTime:0.000879s ]
INFO: [ view_parse ] --START--
INFO: [ template_filter ] --START--
INFO: Run Behavior\ContentReplaceBehavior [ RunTime:0.000067s ]
INFO: [ template_filter ] --END-- [ RunTime:0.000190s ]
INFO: Run Behavior\ParseTemplateBehavior [ RunTime:0.007171s ]
INFO: [ view_parse ] --END-- [ RunTime:0.007345s ]
INFO: [ view_filter ] --START--
INFO: Run Behavior\WriteHtmlCacheBehavior [ RunTime:0.000524s ]
INFO: [ view_filter ] --END-- [ RunTime:0.000636s ]

[ 2016-05-11T11:21:01+08:00 ] ::1 /thinkPHP/index.php/Home/UserService/PersonalhomepageSelf
INFO: [ app_init ] --START--
INFO: Run Behavior\BuildLiteBehavior [ RunTime:0.000029s ]
INFO: [ app_init ] --END-- [ RunTime:0.000812s ]
INFO: [ app_begin ] --START--
INFO: Run Behavior\ReadHtmlCacheBehavior [ RunTime:0.000807s ]
INFO: [ app_begin ] --END-- [ RunTime:0.000970s ]
INFO: [ view_parse ] --START--
INFO: [ template_filter ] --START--
INFO: Run Behavior\ContentReplaceBehavior [ RunTime:0.000142s ]
INFO: [ template_filter ] --END-- [ RunTime:0.000328s ]
NOTIC: [8] Undefined index: age C:\wamp64\www\thinkPHP\Application\Runtime\Cache\Home\fa7016a871d1432154e109bcb8e0604c.php 第 65 行.
NOTIC: [8] Undefined index: nick C:\wamp64\www\thinkPHP\Application\Runtime\Cache\Home\fa7016a871d1432154e109bcb8e0604c.php 第 68 行.
NOTIC: [8] Undefined index: sex C:\wamp64\www\thinkPHP\Application\Runtime\Cache\Home\fa7016a871d1432154e109bcb8e0604c.php 第 71 行.
NOTIC: [8] Undefined index: email C:\wamp64\www\thinkPHP\Application\Runtime\Cache\Home\fa7016a871d1432154e109bcb8e0604c.php 第 74 行.
NOTIC: [8] Undefined index: phone C:\wamp64\www\thinkPHP\Application\Runtime\Cache\Home\fa7016a871d1432154e109bcb8e0604c.php 第 77 行.
NOTIC: [8] Undefined index: identify C:\wamp64\www\thinkPHP\Application\Runtime\Cache\Home\fa7016a871d1432154e109bcb8e0604c.php 第 80 行.
NOTIC: [8] Undefined index: location C:\wamp64\www\thinkPHP\Application\Runtime\Cache\Home\fa7016a871d1432154e109bcb8e0604c.php 第 83 行.
NOTIC: [8] Undefined index: description C:\wamp64\www\thinkPHP\Application\Runtime\Cache\Home\fa7016a871d1432154e109bcb8e0604c.php 第 86 行.
NOTIC: [8] Undefined index: levela C:\wamp64\www\thinkPHP\Application\Runtime\Cache\Home\fa7016a871d1432154e109bcb8e0604c.php 第 93 行.
NOTIC: [8] Undefined index: levelb C:\wamp64\www\thinkPHP\Application\Runtime\Cache\Home\fa7016a871d1432154e109bcb8e0604c.php 第 98 行.
NOTIC: [8] Undefined index: levelc C:\wamp64\www\thinkPHP\Application\Runtime\Cache\Home\fa7016a871d1432154e109bcb8e0604c.php 第 103 行.
INFO: Run Behavior\ParseTemplateBehavior [ RunTime:0.009288s ]
INFO: [ view_parse ] --END-- [ RunTime:0.009421s ]
INFO: [ view_filter ] --START--
INFO: Run Behavior\WriteHtmlCacheBehavior [ RunTime:0.000624s ]
INFO: [ view_filter ] --END-- [ RunTime:0.000739s ]
INFO: [ app_end ] --START--
INFO: Run Behavior\ShowPageTraceBehavior [ RunTime:0.000791s ]
INFO: [ app_end ] --END-- [ RunTime:0.000907s ]

[ 2016-05-11T11:21:04+08:00 ] ::1 /thinkPHP/index.php/Home/UserService/uploadV
INFO: [ app_init ] --START--
INFO: Run Behavior\BuildLiteBehavior [ RunTime:0.000027s ]
INFO: [ app_init ] --END-- [ RunTime:0.000660s ]
INFO: [ app_begin ] --START--
INFO: Run Behavior\ReadHtmlCacheBehavior [ RunTime:0.000820s ]
INFO: [ app_begin ] --END-- [ RunTime:0.000984s ]
INFO: [ view_parse ] --START--
INFO: [ template_filter ] --START--
INFO: Run Behavior\ContentReplaceBehavior [ RunTime:0.000070s ]
INFO: [ template_filter ] --END-- [ RunTime:0.000196s ]
INFO: Run Behavior\ParseTemplateBehavior [ RunTime:0.007429s ]
INFO: [ view_parse ] --END-- [ RunTime:0.007627s ]
INFO: [ view_filter ] --START--
INFO: Run Behavior\WriteHtmlCacheBehavior [ RunTime:0.000677s ]
INFO: [ view_filter ] --END-- [ RunTime:0.000789s ]

[ 2016-05-11T11:21:40+08:00 ] ::1 /thinkPHP/index.php/Home/UserService/PersonalhomepageSelf
INFO: [ app_init ] --START--
INFO: Run Behavior\BuildLiteBehavior [ RunTime:0.000044s ]
INFO: [ app_init ] --END-- [ RunTime:0.001297s ]
INFO: [ app_begin ] --START--
INFO: Run Behavior\ReadHtmlCacheBehavior [ RunTime:0.000656s ]
INFO: [ app_begin ] --END-- [ RunTime:0.000828s ]
INFO: [ view_parse ] --START--
INFO: [ template_filter ] --START--
INFO: Run Behavior\ContentReplaceBehavior [ RunTime:0.000096s ]
INFO: [ template_filter ] --END-- [ RunTime:0.000233s ]
NOTIC: [8] Undefined index: age C:\wamp64\www\thinkPHP\Application\Runtime\Cache\Home\fa7016a871d1432154e109bcb8e0604c.php 第 65 行.
NOTIC: [8] Undefined index: nick C:\wamp64\www\thinkPHP\Application\Runtime\Cache\Home\fa7016a871d1432154e109bcb8e0604c.php 第 68 行.
NOTIC: [8] Undefined index: sex C:\wamp64\www\thinkPHP\Application\Runtime\Cache\Home\fa7016a871d1432154e109bcb8e0604c.php 第 71 行.
NOTIC: [8] Undefined index: email C:\wamp64\www\thinkPHP\Application\Runtime\Cache\Home\fa7016a871d1432154e109bcb8e0604c.php 第 74 行.
NOTIC: [8] Undefined index: phone C:\wamp64\www\thinkPHP\Application\Runtime\Cache\Home\fa7016a871d1432154e109bcb8e0604c.php 第 77 行.
NOTIC: [8] Undefined index: identify C:\wamp64\www\thinkPHP\Application\Runtime\Cache\Home\fa7016a871d1432154e109bcb8e0604c.php 第 80 行.
NOTIC: [8] Undefined index: location C:\wamp64\www\thinkPHP\Application\Runtime\Cache\Home\fa7016a871d1432154e109bcb8e0604c.php 第 83 行.
NOTIC: [8] Undefined index: description C:\wamp64\www\thinkPHP\Application\Runtime\Cache\Home\fa7016a871d1432154e109bcb8e0604c.php 第 86 行.
NOTIC: [8] Undefined index: levela C:\wamp64\www\thinkPHP\Application\Runtime\Cache\Home\fa7016a871d1432154e109bcb8e0604c.php 第 93 行.
NOTIC: [8] Undefined index: levelb C:\wamp64\www\thinkPHP\Application\Runtime\Cache\Home\fa7016a871d1432154e109bcb8e0604c.php 第 98 行.
NOTIC: [8] Undefined index: levelc C:\wamp64\www\thinkPHP\Application\Runtime\Cache\Home\fa7016a871d1432154e109bcb8e0604c.php 第 103 行.
INFO: Run Behavior\ParseTemplateBehavior [ RunTime:0.010486s ]
INFO: [ view_parse ] --END-- [ RunTime:0.010660s ]
INFO: [ view_filter ] --START--
INFO: Run Behavior\WriteHtmlCacheBehavior [ RunTime:0.000688s ]
INFO: [ view_filter ] --END-- [ RunTime:0.000806s ]
INFO: [ app_end ] --START--
INFO: Run Behavior\ShowPageTraceBehavior [ RunTime:0.001570s ]
INFO: [ app_end ] --END-- [ RunTime:0.002058s ]

[ 2016-05-11T11:21:43+08:00 ] ::1 /thinkPHP/index.php/Home/UserService/uploadV
INFO: [ app_init ] --START--
INFO: Run Behavior\BuildLiteBehavior [ RunTime:0.000062s ]
INFO: [ app_init ] --END-- [ RunTime:0.001425s ]
INFO: [ app_begin ] --START--
INFO: Run Behavior\ReadHtmlCacheBehavior [ RunTime:0.001294s ]
INFO: [ app_begin ] --END-- [ RunTime:0.001590s ]
INFO: [ view_parse ] --START--
INFO: [ template_filter ] --START--
INFO: Run Behavior\ContentReplaceBehavior [ RunTime:0.000075s ]
INFO: [ template_filter ] --END-- [ RunTime:0.000210s ]
INFO: Run Behavior\ParseTemplateBehavior [ RunTime:0.009687s ]
INFO: [ view_parse ] --END-- [ RunTime:0.009919s ]
INFO: [ view_filter ] --START--
INFO: Run Behavior\WriteHtmlCacheBehavior [ RunTime:0.001260s ]
INFO: [ view_filter ] --END-- [ RunTime:0.001473s ]

[ 2016-05-11T11:21:59+08:00 ] ::1 /thinkPHP/index.php/Home/UserService/uploadV
INFO: [ app_init ] --START--
INFO: Run Behavior\BuildLiteBehavior [ RunTime:0.000049s ]
INFO: [ app_init ] --END-- [ RunTime:0.001696s ]
INFO: [ app_begin ] --START--
INFO: Run Behavior\ReadHtmlCacheBehavior [ RunTime:0.000628s ]
INFO: [ app_begin ] --END-- [ RunTime:0.000760s ]
INFO: [ view_parse ] --START--
INFO: [ template_filter ] --START--
INFO: Run Behavior\ContentReplaceBehavior [ RunTime:0.000071s ]
INFO: [ template_filter ] --END-- [ RunTime:0.000199s ]
INFO: Run Behavior\ParseTemplateBehavior [ RunTime:0.007793s ]
INFO: [ view_parse ] --END-- [ RunTime:0.007995s ]
INFO: [ view_filter ] --START--
INFO: Run Behavior\WriteHtmlCacheBehavior [ RunTime:0.000750s ]
INFO: [ view_filter ] --END-- [ RunTime:0.000908s ]

[ 2016-05-11T11:22:56+08:00 ] ::1 /thinkPHP/index.php/Home/UserService/PersonalhomepageSelf
INFO: [ app_init ] --START--
INFO: Run Behavior\BuildLiteBehavior [ RunTime:0.000045s ]
INFO: [ app_init ] --END-- [ RunTime:0.000961s ]
INFO: [ app_begin ] --START--
INFO: Run Behavior\ReadHtmlCacheBehavior [ RunTime:0.000674s ]
INFO: [ app_begin ] --END-- [ RunTime:0.000807s ]
INFO: [ view_parse ] --START--
INFO: [ template_filter ] --START--
INFO: Run Behavior\ContentReplaceBehavior [ RunTime:0.000088s ]
INFO: [ template_filter ] --END-- [ RunTime:0.000213s ]
NOTIC: [8] Undefined index: age C:\wamp64\www\thinkPHP\Application\Runtime\Cache\Home\fa7016a871d1432154e109bcb8e0604c.php 第 65 行.
NOTIC: [8] Undefined index: nick C:\wamp64\www\thinkPHP\Application\Runtime\Cache\Home\fa7016a871d1432154e109bcb8e0604c.php 第 68 行.
NOTIC: [8] Undefined index: sex C:\wamp64\www\thinkPHP\Application\Runtime\Cache\Home\fa7016a871d1432154e109bcb8e0604c.php 第 71 行.
NOTIC: [8] Undefined index: email C:\wamp64\www\thinkPHP\Application\Runtime\Cache\Home\fa7016a871d1432154e109bcb8e0604c.php 第 74 行.
NOTIC: [8] Undefined index: phone C:\wamp64\www\thinkPHP\Application\Runtime\Cache\Home\fa7016a871d1432154e109bcb8e0604c.php 第 77 行.
NOTIC: [8] Undefined index: identify C:\wamp64\www\thinkPHP\Application\Runtime\Cache\Home\fa7016a871d1432154e109bcb8e0604c.php 第 80 行.
NOTIC: [8] Undefined index: location C:\wamp64\www\thinkPHP\Application\Runtime\Cache\Home\fa7016a871d1432154e109bcb8e0604c.php 第 83 行.
NOTIC: [8] Undefined index: description C:\wamp64\www\thinkPHP\Application\Runtime\Cache\Home\fa7016a871d1432154e109bcb8e0604c.php 第 86 行.
NOTIC: [8] Undefined index: levela C:\wamp64\www\thinkPHP\Application\Runtime\Cache\Home\fa7016a871d1432154e109bcb8e0604c.php 第 93 行.
NOTIC: [8] Undefined index: levelb C:\wamp64\www\thinkPHP\Application\Runtime\Cache\Home\fa7016a871d1432154e109bcb8e0604c.php 第 98 行.
NOTIC: [8] Undefined index: levelc C:\wamp64\www\thinkPHP\Application\Runtime\Cache\Home\fa7016a871d1432154e109bcb8e0604c.php 第 103 行.
INFO: Run Behavior\ParseTemplateBehavior [ RunTime:0.008704s ]
INFO: [ view_parse ] --END-- [ RunTime:0.008825s ]
INFO: [ view_filter ] --START--
INFO: Run Behavior\WriteHtmlCacheBehavior [ RunTime:0.000739s ]
INFO: [ view_filter ] --END-- [ RunTime:0.000852s ]
INFO: [ app_end ] --START--
INFO: Run Behavior\ShowPageTraceBehavior [ RunTime:0.000909s ]
INFO: [ app_end ] --END-- [ RunTime:0.001037s ]

[ 2016-05-11T11:23:02+08:00 ] ::1 /thinkPHP/index.php/Home/UserService/uploadV
INFO: [ app_init ] --START--
INFO: Run Behavior\BuildLiteBehavior [ RunTime:0.000027s ]
INFO: [ app_init ] --END-- [ RunTime:0.000708s ]
INFO: [ app_begin ] --START--
INFO: Run Behavior\ReadHtmlCacheBehavior [ RunTime:0.000945s ]
INFO: [ app_begin ] --END-- [ RunTime:0.001108s ]
INFO: [ view_parse ] --START--
INFO: [ template_filter ] --START--
INFO: Run Behavior\ContentReplaceBehavior [ RunTime:0.000108s ]
INFO: [ template_filter ] --END-- [ RunTime:0.000311s ]
INFO: Run Behavior\ParseTemplateBehavior [ RunTime:0.007690s ]
INFO: [ view_parse ] --END-- [ RunTime:0.007835s ]
INFO: [ view_filter ] --START--
INFO: Run Behavior\WriteHtmlCacheBehavior [ RunTime:0.000642s ]
INFO: [ view_filter ] --END-- [ RunTime:0.000756s ]

[ 2016-05-11T11:27:53+08:00 ] ::1 /thinkPHP/index.php/Home/UserService/uploadV
INFO: [ app_init ] --START--
INFO: Run Behavior\BuildLiteBehavior [ RunTime:0.000096s ]
INFO: [ app_init ] --END-- [ RunTime:0.000886s ]
INFO: [ app_begin ] --START--
INFO: Run Behavior\ReadHtmlCacheBehavior [ RunTime:0.000819s ]
INFO: [ app_begin ] --END-- [ RunTime:0.000980s ]
INFO: [ view_parse ] --START--
INFO: [ template_filter ] --START--
INFO: Run Behavior\ContentReplaceBehavior [ RunTime:0.000073s ]
INFO: [ template_filter ] --END-- [ RunTime:0.000202s ]
INFO: Run Behavior\ParseTemplateBehavior [ RunTime:0.007757s ]
INFO: [ view_parse ] --END-- [ RunTime:0.007960s ]
INFO: [ view_filter ] --START--
INFO: Run Behavior\WriteHtmlCacheBehavior [ RunTime:0.000663s ]
INFO: [ view_filter ] --END-- [ RunTime:0.000781s ]

[ 2016-05-11T11:27:58+08:00 ] ::1 /thinkPHP/index.php/Home/UserService/PersonalhomepageSelf
INFO: [ app_init ] --START--
INFO: Run Behavior\BuildLiteBehavior [ RunTime:0.000032s ]
INFO: [ app_init ] --END-- [ RunTime:0.000702s ]
INFO: [ app_begin ] --START--
INFO: Run Behavior\ReadHtmlCacheBehavior [ RunTime:0.000950s ]
INFO: [ app_begin ] --END-- [ RunTime:0.001145s ]
INFO: [ view_parse ] --START--
INFO: [ template_filter ] --START--
INFO: Run Behavior\ContentReplaceBehavior [ RunTime:0.000085s ]
INFO: [ template_filter ] --END-- [ RunTime:0.000211s ]
NOTIC: [8] Undefined index: age C:\wamp64\www\thinkPHP\Application\Runtime\Cache\Home\fa7016a871d1432154e109bcb8e0604c.php 第 65 行.
NOTIC: [8] Undefined index: nick C:\wamp64\www\thinkPHP\Application\Runtime\Cache\Home\fa7016a871d1432154e109bcb8e0604c.php 第 68 行.
NOTIC: [8] Undefined index: sex C:\wamp64\www\thinkPHP\Application\Runtime\Cache\Home\fa7016a871d1432154e109bcb8e0604c.php 第 71 行.
NOTIC: [8] Undefined index: email C:\wamp64\www\thinkPHP\Application\Runtime\Cache\Home\fa7016a871d1432154e109bcb8e0604c.php 第 74 行.
NOTIC: [8] Undefined index: phone C:\wamp64\www\thinkPHP\Application\Runtime\Cache\Home\fa7016a871d1432154e109bcb8e0604c.php 第 77 行.
NOTIC: [8] Undefined index: identify C:\wamp64\www\thinkPHP\Application\Runtime\Cache\Home\fa7016a871d1432154e109bcb8e0604c.php 第 80 行.
NOTIC: [8] Undefined index: location C:\wamp64\www\thinkPHP\Application\Runtime\Cache\Home\fa7016a871d1432154e109bcb8e0604c.php 第 83 行.
NOTIC: [8] Undefined index: description C:\wamp64\www\thinkPHP\Application\Runtime\Cache\Home\fa7016a871d1432154e109bcb8e0604c.php 第 86 行.
NOTIC: [8] Undefined index: levela C:\wamp64\www\thinkPHP\Application\Runtime\Cache\Home\fa7016a871d1432154e109bcb8e0604c.php 第 93 行.
NOTIC: [8] Undefined index: levelb C:\wamp64\www\thinkPHP\Application\Runtime\Cache\Home\fa7016a871d1432154e109bcb8e0604c.php 第 98 行.
NOTIC: [8] Undefined index: levelc C:\wamp64\www\thinkPHP\Application\Runtime\Cache\Home\fa7016a871d1432154e109bcb8e0604c.php 第 103 行.
INFO: Run Behavior\ParseTemplateBehavior [ RunTime:0.008978s ]
INFO: [ view_parse ] --END-- [ RunTime:0.009190s ]
INFO: [ view_filter ] --START--
INFO: Run Behavior\WriteHtmlCacheBehavior [ RunTime:0.000549s ]
INFO: [ view_filter ] --END-- [ RunTime:0.000663s ]
INFO: [ app_end ] --START--
INFO: Run Behavior\ShowPageTraceBehavior [ RunTime:0.000875s ]
INFO: [ app_end ] --END-- [ RunTime:0.001026s ]

[ 2016-05-11T11:28:06+08:00 ] ::1 /thinkPHP/index.php/Home/UserService/uploadV
INFO: [ app_init ] --START--
INFO: Run Behavior\BuildLiteBehavior [ RunTime:0.000030s ]
INFO: [ app_init ] --END-- [ RunTime:0.000793s ]
INFO: [ app_begin ] --START--
INFO: Run Behavior\ReadHtmlCacheBehavior [ RunTime:0.000677s ]
INFO: [ app_begin ] --END-- [ RunTime:0.000807s ]
INFO: [ view_parse ] --START--
INFO: [ template_filter ] --START--
INFO: Run Behavior\ContentReplaceBehavior [ RunTime:0.000068s ]
INFO: [ template_filter ] --END-- [ RunTime:0.000194s ]
INFO: Run Behavior\ParseTemplateBehavior [ RunTime:0.007918s ]
INFO: [ view_parse ] --END-- [ RunTime:0.008063s ]
INFO: [ view_filter ] --START--
INFO: Run Behavior\WriteHtmlCacheBehavior [ RunTime:0.000527s ]
INFO: [ view_filter ] --END-- [ RunTime:0.000640s ]

[ 2016-05-11T11:30:13+08:00 ] ::1 /thinkPHP/index.php/Home/UserService/PersonalhomepageSelf
INFO: [ app_init ] --START--
INFO: Run Behavior\BuildLiteBehavior [ RunTime:0.000030s ]
INFO: [ app_init ] --END-- [ RunTime:0.000829s ]
INFO: [ app_begin ] --START--
INFO: Run Behavior\ReadHtmlCacheBehavior [ RunTime:0.000798s ]
INFO: [ app_begin ] --END-- [ RunTime:0.000920s ]
INFO: [ view_parse ] --START--
INFO: [ template_filter ] --START--
INFO: Run Behavior\ContentReplaceBehavior [ RunTime:0.000096s ]
INFO: [ template_filter ] --END-- [ RunTime:0.000222s ]
NOTIC: [8] Undefined index: age C:\wamp64\www\thinkPHP\Application\Runtime\Cache\Home\fa7016a871d1432154e109bcb8e0604c.php 第 65 行.
NOTIC: [8] Undefined index: nick C:\wamp64\www\thinkPHP\Application\Runtime\Cache\Home\fa7016a871d1432154e109bcb8e0604c.php 第 68 行.
NOTIC: [8] Undefined index: sex C:\wamp64\www\thinkPHP\Application\Runtime\Cache\Home\fa7016a871d1432154e109bcb8e0604c.php 第 71 行.
NOTIC: [8] Undefined index: email C:\wamp64\www\thinkPHP\Application\Runtime\Cache\Home\fa7016a871d1432154e109bcb8e0604c.php 第 74 行.
NOTIC: [8] Undefined index: phone C:\wamp64\www\thinkPHP\Application\Runtime\Cache\Home\fa7016a871d1432154e109bcb8e0604c.php 第 77 行.
NOTIC: [8] Undefined index: identify C:\wamp64\www\thinkPHP\Application\Runtime\Cache\Home\fa7016a871d1432154e109bcb8e0604c.php 第 80 行.
NOTIC: [8] Undefined index: location C:\wamp64\www\thinkPHP\Application\Runtime\Cache\Home\fa7016a871d1432154e109bcb8e0604c.php 第 83 行.
NOTIC: [8] Undefined index: description C:\wamp64\www\thinkPHP\Application\Runtime\Cache\Home\fa7016a871d1432154e109bcb8e0604c.php 第 86 行.
NOTIC: [8] Undefined index: levela C:\wamp64\www\thinkPHP\Application\Runtime\Cache\Home\fa7016a871d1432154e109bcb8e0604c.php 第 93 行.
NOTIC: [8] Undefined index: levelb C:\wamp64\www\thinkPHP\Application\Runtime\Cache\Home\fa7016a871d1432154e109bcb8e0604c.php 第 98 行.
NOTIC: [8] Undefined index: levelc C:\wamp64\www\thinkPHP\Application\Runtime\Cache\Home\fa7016a871d1432154e109bcb8e0604c.php 第 103 行.
INFO: Run Behavior\ParseTemplateBehavior [ RunTime:0.009811s ]
INFO: [ view_parse ] --END-- [ RunTime:0.009940s ]
INFO: [ view_filter ] --START--
INFO: Run Behavior\WriteHtmlCacheBehavior [ RunTime:0.000613s ]
INFO: [ view_filter ] --END-- [ RunTime:0.000735s ]
INFO: [ app_end ] --START--
INFO: Run Behavior\ShowPageTraceBehavior [ RunTime:0.000742s ]
INFO: [ app_end ] --END-- [ RunTime:0.000859s ]

[ 2016-05-11T11:30:16+08:00 ] ::1 /thinkPHP/index.php/Home/UserService/uploadV
INFO: [ app_init ] --START--
INFO: Run Behavior\BuildLiteBehavior [ RunTime:0.000028s ]
INFO: [ app_init ] --END-- [ RunTime:0.000698s ]
INFO: [ app_begin ] --START--
INFO: Run Behavior\ReadHtmlCacheBehavior [ RunTime:0.000738s ]
INFO: [ app_begin ] --END-- [ RunTime:0.000897s ]
INFO: [ view_parse ] --START--
INFO: [ template_filter ] --START--
INFO: Run Behavior\ContentReplaceBehavior [ RunTime:0.000069s ]
INFO: [ template_filter ] --END-- [ RunTime:0.000194s ]
INFO: Run Behavior\ParseTemplateBehavior [ RunTime:0.008125s ]
INFO: [ view_parse ] --END-- [ RunTime:0.008270s ]
INFO: [ view_filter ] --START--
INFO: Run Behavior\WriteHtmlCacheBehavior [ RunTime:0.000592s ]
INFO: [ view_filter ] --END-- [ RunTime:0.000724s ]

[ 2016-05-11T11:30:34+08:00 ] ::1 /thinkPHP/index.php/Home/UserService/PersonalhomepageSelf
INFO: [ app_init ] --START--
INFO: Run Behavior\BuildLiteBehavior [ RunTime:0.000030s ]
INFO: [ app_init ] --END-- [ RunTime:0.000809s ]
INFO: [ app_begin ] --START--
INFO: Run Behavior\ReadHtmlCacheBehavior [ RunTime:0.000966s ]
INFO: [ app_begin ] --END-- [ RunTime:0.001095s ]
INFO: [ view_parse ] --START--
INFO: [ template_filter ] --START--
INFO: Run Behavior\ContentReplaceBehavior [ RunTime:0.000096s ]
INFO: [ template_filter ] --END-- [ RunTime:0.000223s ]
NOTIC: [8] Undefined index: age C:\wamp64\www\thinkPHP\Application\Runtime\Cache\Home\fa7016a871d1432154e109bcb8e0604c.php 第 65 行.
NOTIC: [8] Undefined index: nick C:\wamp64\www\thinkPHP\Application\Runtime\Cache\Home\fa7016a871d1432154e109bcb8e0604c.php 第 68 行.
NOTIC: [8] Undefined index: sex C:\wamp64\www\thinkPHP\Application\Runtime\Cache\Home\fa7016a871d1432154e109bcb8e0604c.php 第 71 行.
NOTIC: [8] Undefined index: email C:\wamp64\www\thinkPHP\Application\Runtime\Cache\Home\fa7016a871d1432154e109bcb8e0604c.php 第 74 行.
NOTIC: [8] Undefined index: phone C:\wamp64\www\thinkPHP\Application\Runtime\Cache\Home\fa7016a871d1432154e109bcb8e0604c.php 第 77 行.
NOTIC: [8] Undefined index: identify C:\wamp64\www\thinkPHP\Application\Runtime\Cache\Home\fa7016a871d1432154e109bcb8e0604c.php 第 80 行.
NOTIC: [8] Undefined index: location C:\wamp64\www\thinkPHP\Application\Runtime\Cache\Home\fa7016a871d1432154e109bcb8e0604c.php 第 83 行.
NOTIC: [8] Undefined index: description C:\wamp64\www\thinkPHP\Application\Runtime\Cache\Home\fa7016a871d1432154e109bcb8e0604c.php 第 86 行.
NOTIC: [8] Undefined index: levela C:\wamp64\www\thinkPHP\Application\Runtime\Cache\Home\fa7016a871d1432154e109bcb8e0604c.php 第 93 行.
NOTIC: [8] Undefined index: levelb C:\wamp64\www\thinkPHP\Application\Runtime\Cache\Home\fa7016a871d1432154e109bcb8e0604c.php 第 98 行.
NOTIC: [8] Undefined index: levelc C:\wamp64\www\thinkPHP\Application\Runtime\Cache\Home\fa7016a871d1432154e109bcb8e0604c.php 第 103 行.
INFO: Run Behavior\ParseTemplateBehavior [ RunTime:0.009856s ]
INFO: [ view_parse ] --END-- [ RunTime:0.009988s ]
INFO: [ view_filter ] --START--
INFO: Run Behavior\WriteHtmlCacheBehavior [ RunTime:0.000722s ]
INFO: [ view_filter ] --END-- [ RunTime:0.000839s ]
INFO: [ app_end ] --START--
INFO: Run Behavior\ShowPageTraceBehavior [ RunTime:0.000913s ]
INFO: [ app_end ] --END-- [ RunTime:0.001046s ]

[ 2016-05-11T11:30:40+08:00 ] ::1 /thinkPHP/index.php/Home/UserService/uploadV
INFO: [ app_init ] --START--
INFO: Run Behavior\BuildLiteBehavior [ RunTime:0.000030s ]
INFO: [ app_init ] --END-- [ RunTime:0.000640s ]
INFO: [ app_begin ] --START--
INFO: Run Behavior\ReadHtmlCacheBehavior [ RunTime:0.000779s ]
INFO: [ app_begin ] --END-- [ RunTime:0.000937s ]
INFO: [ view_parse ] --START--
INFO: [ template_filter ] --START--
INFO: Run Behavior\ContentReplaceBehavior [ RunTime:0.000076s ]
INFO: [ template_filter ] --END-- [ RunTime:0.000206s ]
INFO: Run Behavior\ParseTemplateBehavior [ RunTime:0.006784s ]
INFO: [ view_parse ] --END-- [ RunTime:0.006919s ]
INFO: [ view_filter ] --START--
INFO: Run Behavior\WriteHtmlCacheBehavior [ RunTime:0.000448s ]
INFO: [ view_filter ] --END-- [ RunTime:0.000564s ]

[ 2016-05-11T11:32:49+08:00 ] ::1 /thinkPHP/index.php/Home/UserService/PersonalhomepageSelf
INFO: [ app_init ] --START--
INFO: Run Behavior\BuildLiteBehavior [ RunTime:0.000054s ]
INFO: [ app_init ] --END-- [ RunTime:0.001204s ]
INFO: [ app_begin ] --START--
INFO: Run Behavior\ReadHtmlCacheBehavior [ RunTime:0.000886s ]
INFO: [ app_begin ] --END-- [ RunTime:0.001018s ]
INFO: [ view_parse ] --START--
INFO: [ template_filter ] --START--
INFO: Run Behavior\ContentReplaceBehavior [ RunTime:0.000086s ]
INFO: [ template_filter ] --END-- [ RunTime:0.000210s ]
NOTIC: [8] Undefined index: age C:\wamp64\www\thinkPHP\Application\Runtime\Cache\Home\fa7016a871d1432154e109bcb8e0604c.php 第 65 行.
NOTIC: [8] Undefined index: nick C:\wamp64\www\thinkPHP\Application\Runtime\Cache\Home\fa7016a871d1432154e109bcb8e0604c.php 第 68 行.
NOTIC: [8] Undefined index: sex C:\wamp64\www\thinkPHP\Application\Runtime\Cache\Home\fa7016a871d1432154e109bcb8e0604c.php 第 71 行.
NOTIC: [8] Undefined index: email C:\wamp64\www\thinkPHP\Application\Runtime\Cache\Home\fa7016a871d1432154e109bcb8e0604c.php 第 74 行.
NOTIC: [8] Undefined index: phone C:\wamp64\www\thinkPHP\Application\Runtime\Cache\Home\fa7016a871d1432154e109bcb8e0604c.php 第 77 行.
NOTIC: [8] Undefined index: identify C:\wamp64\www\thinkPHP\Application\Runtime\Cache\Home\fa7016a871d1432154e109bcb8e0604c.php 第 80 行.
NOTIC: [8] Undefined index: location C:\wamp64\www\thinkPHP\Application\Runtime\Cache\Home\fa7016a871d1432154e109bcb8e0604c.php 第 83 行.
NOTIC: [8] Undefined index: description C:\wamp64\www\thinkPHP\Application\Runtime\Cache\Home\fa7016a871d1432154e109bcb8e0604c.php 第 86 行.
NOTIC: [8] Undefined index: levela C:\wamp64\www\thinkPHP\Application\Runtime\Cache\Home\fa7016a871d1432154e109bcb8e0604c.php 第 93 行.
NOTIC: [8] Undefined index: levelb C:\wamp64\www\thinkPHP\Application\Runtime\Cache\Home\fa7016a871d1432154e109bcb8e0604c.php 第 98 行.
NOTIC: [8] Undefined index: levelc C:\wamp64\www\thinkPHP\Application\Runtime\Cache\Home\fa7016a871d1432154e109bcb8e0604c.php 第 103 行.
INFO: Run Behavior\ParseTemplateBehavior [ RunTime:0.008864s ]
INFO: [ view_parse ] --END-- [ RunTime:0.009029s ]
INFO: [ view_filter ] --START--
INFO: Run Behavior\WriteHtmlCacheBehavior [ RunTime:0.000595s ]
INFO: [ view_filter ] --END-- [ RunTime:0.000708s ]
INFO: [ app_end ] --START--
INFO: Run Behavior\ShowPageTraceBehavior [ RunTime:0.001213s ]
INFO: [ app_end ] --END-- [ RunTime:0.001461s ]

[ 2016-05-11T11:32:51+08:00 ] ::1 /thinkPHP/index.php/Home/UserService/uploadV
INFO: [ app_init ] --START--
INFO: Run Behavior\BuildLiteBehavior [ RunTime:0.000029s ]
INFO: [ app_init ] --END-- [ RunTime:0.000640s ]
INFO: [ app_begin ] --START--
INFO: Run Behavior\ReadHtmlCacheBehavior [ RunTime:0.000749s ]
INFO: [ app_begin ] --END-- [ RunTime:0.000901s ]
INFO: [ view_parse ] --START--
INFO: [ template_filter ] --START--
INFO: Run Behavior\ContentReplaceBehavior [ RunTime:0.000069s ]
INFO: [ template_filter ] --END-- [ RunTime:0.000212s ]
INFO: Run Behavior\ParseTemplateBehavior [ RunTime:0.007286s ]
INFO: [ view_parse ] --END-- [ RunTime:0.007420s ]
INFO: [ view_filter ] --START--
INFO: Run Behavior\WriteHtmlCacheBehavior [ RunTime:0.000593s ]
INFO: [ view_filter ] --END-- [ RunTime:0.000729s ]

[ 2016-05-11T11:33:08+08:00 ] ::1 /thinkPHP/index.php/Home/UserService/uploadV
INFO: [ app_init ] --START--
INFO: Run Behavior\BuildLiteBehavior [ RunTime:0.000028s ]
INFO: [ app_init ] --END-- [ RunTime:0.000692s ]
INFO: [ app_begin ] --START--
INFO: Run Behavior\ReadHtmlCacheBehavior [ RunTime:0.000692s ]
INFO: [ app_begin ] --END-- [ RunTime:0.000820s ]
INFO: [ view_parse ] --START--
INFO: [ template_filter ] --START--
INFO: Run Behavior\ContentReplaceBehavior [ RunTime:0.000115s ]
INFO: [ template_filter ] --END-- [ RunTime:0.000240s ]
INFO: Run Behavior\ParseTemplateBehavior [ RunTime:0.007675s ]
INFO: [ view_parse ] --END-- [ RunTime:0.007834s ]
INFO: [ view_filter ] --START--
INFO: Run Behavior\WriteHtmlCacheBehavior [ RunTime:0.000571s ]
INFO: [ view_filter ] --END-- [ RunTime:0.000683s ]

[ 2016-05-11T11:34:05+08:00 ] ::1 /thinkPHP/index.php/Home/UserService/uploadC
INFO: [ app_init ] --START--
INFO: Run Behavior\BuildLiteBehavior [ RunTime:0.000065s ]
INFO: [ app_init ] --END-- [ RunTime:0.000740s ]
INFO: [ app_begin ] --START--
INFO: Run Behavior\ReadHtmlCacheBehavior [ RunTime:0.000695s ]
INFO: [ app_begin ] --END-- [ RunTime:0.000832s ]
NOTIC: [2] call_user_func() expects parameter 1 to be a valid callback, no array or string given C:\wamp64\www\thinkPHP\ThinkPHP\Library\Think\Upload.class.php 第 170 行.
NOTIC: [2] finfo_file(): Empty filename or path C:\wamp64\www\thinkPHP\ThinkPHP\Library\Think\Upload.class.php 第 152 行.
NOTIC: [2] finfo_file(): Empty filename or path C:\wamp64\www\thinkPHP\ThinkPHP\Library\Think\Upload.class.php 第 152 行.
SQL: SHOW COLUMNS FROM `sq_coa` [ RunTime:0.0022s ]
SQL: INSERT INTO `sq_coa` (`phone`,`coa`) VALUES ('111','5732a82d5e0bd.jpg') [ RunTime:0.0689s ]
INFO: [ view_parse ] --START--
INFO: [ template_filter ] --START--
INFO: Run Behavior\ContentReplaceBehavior [ RunTime:0.000088s ]
INFO: [ template_filter ] --END-- [ RunTime:0.000237s ]
INFO: Run Behavior\ParseTemplateBehavior [ RunTime:0.011650s ]
INFO: [ view_parse ] --END-- [ RunTime:0.011836s ]
INFO: [ view_filter ] --START--
INFO: Run Behavior\WriteHtmlCacheBehavior [ RunTime:0.001644s ]
INFO: [ view_filter ] --END-- [ RunTime:0.001822s ]
INFO: [ app_end ] --START--
INFO: Run Behavior\ShowPageTraceBehavior [ RunTime:0.001899s ]
INFO: [ app_end ] --END-- [ RunTime:0.002073s ]

[ 2016-05-11T11:34:06+08:00 ] ::1 /thinkPHP/index.php/Home/UserService/PersonalhomepageSelf
INFO: [ app_init ] --START--
INFO: Run Behavior\BuildLiteBehavior [ RunTime:0.000030s ]
INFO: [ app_init ] --END-- [ RunTime:0.000895s ]
INFO: [ app_begin ] --START--
INFO: Run Behavior\ReadHtmlCacheBehavior [ RunTime:0.001452s ]
INFO: [ app_begin ] --END-- [ RunTime:0.001589s ]
INFO: [ view_parse ] --START--
INFO: [ template_filter ] --START--
INFO: Run Behavior\ContentReplaceBehavior [ RunTime:0.000101s ]
INFO: [ template_filter ] --END-- [ RunTime:0.000234s ]
NOTIC: [8] Undefined index: age C:\wamp64\www\thinkPHP\Application\Runtime\Cache\Home\fa7016a871d1432154e109bcb8e0604c.php 第 65 行.
NOTIC: [8] Undefined index: nick C:\wamp64\www\thinkPHP\Application\Runtime\Cache\Home\fa7016a871d1432154e109bcb8e0604c.php 第 68 行.
NOTIC: [8] Undefined index: sex C:\wamp64\www\thinkPHP\Application\Runtime\Cache\Home\fa7016a871d1432154e109bcb8e0604c.php 第 71 行.
NOTIC: [8] Undefined index: email C:\wamp64\www\thinkPHP\Application\Runtime\Cache\Home\fa7016a871d1432154e109bcb8e0604c.php 第 74 行.
NOTIC: [8] Undefined index: phone C:\wamp64\www\thinkPHP\Application\Runtime\Cache\Home\fa7016a871d1432154e109bcb8e0604c.php 第 77 行.
NOTIC: [8] Undefined index: identify C:\wamp64\www\thinkPHP\Application\Runtime\Cache\Home\fa7016a871d1432154e109bcb8e0604c.php 第 80 行.
NOTIC: [8] Undefined index: location C:\wamp64\www\thinkPHP\Application\Runtime\Cache\Home\fa7016a871d1432154e109bcb8e0604c.php 第 83 行.
NOTIC: [8] Undefined index: description C:\wamp64\www\thinkPHP\Application\Runtime\Cache\Home\fa7016a871d1432154e109bcb8e0604c.php 第 86 行.
NOTIC: [8] Undefined index: levela C:\wamp64\www\thinkPHP\Application\Runtime\Cache\Home\fa7016a871d1432154e109bcb8e0604c.php 第 93 行.
NOTIC: [8] Undefined index: levelb C:\wamp64\www\thinkPHP\Application\Runtime\Cache\Home\fa7016a871d1432154e109bcb8e0604c.php 第 98 行.
NOTIC: [8] Undefined index: levelc C:\wamp64\www\thinkPHP\Application\Runtime\Cache\Home\fa7016a871d1432154e109bcb8e0604c.php 第 103 行.
INFO: Run Behavior\ParseTemplateBehavior [ RunTime:0.011472s ]
INFO: [ view_parse ] --END-- [ RunTime:0.011600s ]
INFO: [ view_filter ] --START--
INFO: Run Behavior\WriteHtmlCacheBehavior [ RunTime:0.001330s ]
INFO: [ view_filter ] --END-- [ RunTime:0.001448s ]
INFO: [ app_end ] --START--
INFO: Run Behavior\ShowPageTraceBehavior [ RunTime:0.001961s ]
INFO: [ app_end ] --END-- [ RunTime:0.002092s ]

