[ 2016-05-09T20:54:24+08:00 ] ::1 /thinkPHP/index.php/Home/UserService/login
INFO: [ app_init ] --START--
INFO: Run Behavior\BuildLiteBehavior [ RunTime:0.000046s ]
INFO: [ app_init ] --END-- [ RunTime:0.001011s ]
INFO: [ app_begin ] --START--
INFO: Run Behavior\ReadHtmlCacheBehavior [ RunTime:0.001186s ]
INFO: [ app_begin ] --END-- [ RunTime:0.001487s ]
INFO: [ view_parse ] --START--
INFO: [ template_filter ] --START--
INFO: Run Behavior\ContentReplaceBehavior [ RunTime:0.000143s ]
INFO: [ template_filter ] --END-- [ RunTime:0.000360s ]
INFO: Run Behavior\ParseTemplateBehavior [ RunTime:0.021800s ]
INFO: [ view_parse ] --END-- [ RunTime:0.022053s ]
INFO: [ view_filter ] --START--
INFO: Run Behavior\WriteHtmlCacheBehavior [ RunTime:0.000852s ]
INFO: [ view_filter ] --END-- [ RunTime:0.001223s ]
INFO: [ app_end ] --START--
INFO: Run Behavior\ShowPageTraceBehavior [ RunTime:0.001145s ]
INFO: [ app_end ] --END-- [ RunTime:0.001358s ]

[ 2016-05-09T20:54:25+08:00 ] ::1 /thinkPHP/index.php/Home/UserService/valid
INFO: [ app_init ] --START--
INFO: Run Behavior\BuildLiteBehavior [ RunTime:0.000046s ]
INFO: [ app_init ] --END-- [ RunTime:0.000891s ]
INFO: [ app_begin ] --START--
INFO: Run Behavior\ReadHtmlCacheBehavior [ RunTime:0.000939s ]
INFO: [ app_begin ] --END-- [ RunTime:0.001162s ]
INFO: [ app_end ] --START--
INFO: Run Behavior\ShowPageTraceBehavior [ RunTime:0.001026s ]
INFO: [ app_end ] --END-- [ RunTime:0.001318s ]

[ 2016-05-09T20:54:34+08:00 ] ::1 /thinkPHP/index.php/Home/UserService/logins
INFO: [ app_init ] --START--
INFO: Run Behavior\BuildLiteBehavior [ RunTime:0.000025s ]
INFO: [ app_init ] --END-- [ RunTime:0.000698s ]
INFO: [ app_begin ] --START--
INFO: Run Behavior\ReadHtmlCacheBehavior [ RunTime:0.000704s ]
INFO: [ app_begin ] --END-- [ RunTime:0.000858s ]
SQL: SHOW COLUMNS FROM `sq_user` [ RunTime:0.0623s ]
NOTIC: [8] Undefined index: validate C:\wamp64\www\thinkPHP\ThinkPHP\Library\Think\Model.class.php 第 1185 行.
NOTIC: [8] Undefined index: auto C:\wamp64\www\thinkPHP\ThinkPHP\Library\Think\Model.class.php 第 1128 行.
SQL: SELECT * FROM `sq_user` WHERE `phone` = '110' LIMIT 1   [ RunTime:0.0005s ]
INFO: [ view_parse ] --START--
INFO: [ template_filter ] --START--
INFO: Run Behavior\ContentReplaceBehavior [ RunTime:0.000113s ]
INFO: [ template_filter ] --END-- [ RunTime:0.000366s ]
NOTIC: [8] Undefined variable: list C:\wamp64\www\thinkPHP\Application\Runtime\Cache\Home\335144dbeaf03ea3cddadd2a012b3a45.php 第 57 行.
INFO: Run Behavior\ParseTemplateBehavior [ RunTime:0.010166s ]
INFO: [ view_parse ] --END-- [ RunTime:0.010282s ]
INFO: [ view_filter ] --START--
INFO: Run Behavior\WriteHtmlCacheBehavior [ RunTime:0.000639s ]
INFO: [ view_filter ] --END-- [ RunTime:0.000744s ]
INFO: [ app_end ] --START--
INFO: Run Behavior\ShowPageTraceBehavior [ RunTime:0.000829s ]
INFO: [ app_end ] --END-- [ RunTime:0.000942s ]

[ 2016-05-09T20:54:35+08:00 ] ::1 /thinkPHP/index.php/Home/UserService/PersonalhomepageSelf
INFO: [ app_init ] --START--
INFO: Run Behavior\BuildLiteBehavior [ RunTime:0.000042s ]
INFO: [ app_init ] --END-- [ RunTime:0.000718s ]
INFO: [ app_begin ] --START--
INFO: Run Behavior\ReadHtmlCacheBehavior [ RunTime:0.000661s ]
INFO: [ app_begin ] --END-- [ RunTime:0.000772s ]
INFO: [ view_parse ] --START--
INFO: [ template_filter ] --START--
INFO: Run Behavior\ContentReplaceBehavior [ RunTime:0.000080s ]
INFO: [ template_filter ] --END-- [ RunTime:0.000207s ]
NOTIC: [8] Undefined index: age C:\wamp64\www\thinkPHP\Application\Runtime\Cache\Home\fa7016a871d1432154e109bcb8e0604c.php 第 56 行.
NOTIC: [8] Undefined index: nick C:\wamp64\www\thinkPHP\Application\Runtime\Cache\Home\fa7016a871d1432154e109bcb8e0604c.php 第 59 行.
NOTIC: [8] Undefined index: sex C:\wamp64\www\thinkPHP\Application\Runtime\Cache\Home\fa7016a871d1432154e109bcb8e0604c.php 第 62 行.
NOTIC: [8] Undefined index: email C:\wamp64\www\thinkPHP\Application\Runtime\Cache\Home\fa7016a871d1432154e109bcb8e0604c.php 第 65 行.
NOTIC: [8] Undefined index: phone C:\wamp64\www\thinkPHP\Application\Runtime\Cache\Home\fa7016a871d1432154e109bcb8e0604c.php 第 68 行.
NOTIC: [8] Undefined index: identify C:\wamp64\www\thinkPHP\Application\Runtime\Cache\Home\fa7016a871d1432154e109bcb8e0604c.php 第 71 行.
NOTIC: [8] Undefined index: location C:\wamp64\www\thinkPHP\Application\Runtime\Cache\Home\fa7016a871d1432154e109bcb8e0604c.php 第 74 行.
NOTIC: [8] Undefined index: description C:\wamp64\www\thinkPHP\Application\Runtime\Cache\Home\fa7016a871d1432154e109bcb8e0604c.php 第 77 行.
NOTIC: [8] Undefined index: levela C:\wamp64\www\thinkPHP\Application\Runtime\Cache\Home\fa7016a871d1432154e109bcb8e0604c.php 第 84 行.
NOTIC: [8] Undefined index: levelb C:\wamp64\www\thinkPHP\Application\Runtime\Cache\Home\fa7016a871d1432154e109bcb8e0604c.php 第 89 行.
NOTIC: [8] Undefined index: levelc C:\wamp64\www\thinkPHP\Application\Runtime\Cache\Home\fa7016a871d1432154e109bcb8e0604c.php 第 94 行.
INFO: Run Behavior\ParseTemplateBehavior [ RunTime:0.008073s ]
INFO: [ view_parse ] --END-- [ RunTime:0.008187s ]
INFO: [ view_filter ] --START--
INFO: Run Behavior\WriteHtmlCacheBehavior [ RunTime:0.000511s ]
INFO: [ view_filter ] --END-- [ RunTime:0.000629s ]
INFO: [ app_end ] --START--
INFO: Run Behavior\ShowPageTraceBehavior [ RunTime:0.000630s ]
INFO: [ app_end ] --END-- [ RunTime:0.000736s ]

[ 2016-05-09T20:54:44+08:00 ] ::1 /thinkPHP/index.php/Home/UserService/uploadZ
INFO: [ app_init ] --START--
INFO: Run Behavior\BuildLiteBehavior [ RunTime:0.000037s ]
INFO: [ app_init ] --END-- [ RunTime:0.000575s ]
INFO: [ app_begin ] --START--
INFO: Run Behavior\ReadHtmlCacheBehavior [ RunTime:0.000647s ]
INFO: [ app_begin ] --END-- [ RunTime:0.000760s ]
NOTIC: [2] call_user_func() expects parameter 1 to be a valid callback, no array or string given C:\wamp64\www\thinkPHP\ThinkPHP\Library\Think\Upload.class.php 第 170 行.
NOTIC: [2] call_user_func() expects parameter 1 to be a valid callback, no array or string given C:\wamp64\www\thinkPHP\ThinkPHP\Library\Think\Upload.class.php 第 170 行.
NOTIC: [2] call_user_func() expects parameter 1 to be a valid callback, no array or string given C:\wamp64\www\thinkPHP\ThinkPHP\Library\Think\Upload.class.php 第 170 行.
INFO: [ view_parse ] --START--
INFO: [ template_filter ] --START--
INFO: Run Behavior\ContentReplaceBehavior [ RunTime:0.000061s ]
INFO: [ template_filter ] --END-- [ RunTime:0.000173s ]
INFO: Run Behavior\ParseTemplateBehavior [ RunTime:0.019518s ]
INFO: [ view_parse ] --END-- [ RunTime:0.019672s ]
INFO: [ view_filter ] --START--
INFO: Run Behavior\WriteHtmlCacheBehavior [ RunTime:0.001289s ]
INFO: [ view_filter ] --END-- [ RunTime:0.001410s ]
INFO: [ app_end ] --START--
INFO: Run Behavior\ShowPageTraceBehavior [ RunTime:0.001542s ]
INFO: [ app_end ] --END-- [ RunTime:0.001646s ]

[ 2016-05-09T20:54:46+08:00 ] ::1 /thinkPHP/index.php/Home/UserService/PersonalhomepageSelf
INFO: [ app_init ] --START--
INFO: Run Behavior\BuildLiteBehavior [ RunTime:0.000025s ]
INFO: [ app_init ] --END-- [ RunTime:0.000695s ]
INFO: [ app_begin ] --START--
INFO: Run Behavior\ReadHtmlCacheBehavior [ RunTime:0.001414s ]
INFO: [ app_begin ] --END-- [ RunTime:0.001533s ]
INFO: [ view_parse ] --START--
INFO: [ template_filter ] --START--
INFO: Run Behavior\ContentReplaceBehavior [ RunTime:0.000078s ]
INFO: [ template_filter ] --END-- [ RunTime:0.000213s ]
NOTIC: [8] Undefined index: age C:\wamp64\www\thinkPHP\Application\Runtime\Cache\Home\fa7016a871d1432154e109bcb8e0604c.php 第 56 行.
NOTIC: [8] Undefined index: nick C:\wamp64\www\thinkPHP\Application\Runtime\Cache\Home\fa7016a871d1432154e109bcb8e0604c.php 第 59 行.
NOTIC: [8] Undefined index: sex C:\wamp64\www\thinkPHP\Application\Runtime\Cache\Home\fa7016a871d1432154e109bcb8e0604c.php 第 62 行.
NOTIC: [8] Undefined index: email C:\wamp64\www\thinkPHP\Application\Runtime\Cache\Home\fa7016a871d1432154e109bcb8e0604c.php 第 65 行.
NOTIC: [8] Undefined index: phone C:\wamp64\www\thinkPHP\Application\Runtime\Cache\Home\fa7016a871d1432154e109bcb8e0604c.php 第 68 行.
NOTIC: [8] Undefined index: identify C:\wamp64\www\thinkPHP\Application\Runtime\Cache\Home\fa7016a871d1432154e109bcb8e0604c.php 第 71 行.
NOTIC: [8] Undefined index: location C:\wamp64\www\thinkPHP\Application\Runtime\Cache\Home\fa7016a871d1432154e109bcb8e0604c.php 第 74 行.
NOTIC: [8] Undefined index: description C:\wamp64\www\thinkPHP\Application\Runtime\Cache\Home\fa7016a871d1432154e109bcb8e0604c.php 第 77 行.
NOTIC: [8] Undefined index: levela C:\wamp64\www\thinkPHP\Application\Runtime\Cache\Home\fa7016a871d1432154e109bcb8e0604c.php 第 84 行.
NOTIC: [8] Undefined index: levelb C:\wamp64\www\thinkPHP\Application\Runtime\Cache\Home\fa7016a871d1432154e109bcb8e0604c.php 第 89 行.
NOTIC: [8] Undefined index: levelc C:\wamp64\www\thinkPHP\Application\Runtime\Cache\Home\fa7016a871d1432154e109bcb8e0604c.php 第 94 行.
INFO: Run Behavior\ParseTemplateBehavior [ RunTime:0.011301s ]
INFO: [ view_parse ] --END-- [ RunTime:0.011420s ]
INFO: [ view_filter ] --START--
INFO: Run Behavior\WriteHtmlCacheBehavior [ RunTime:0.001351s ]
INFO: [ view_filter ] --END-- [ RunTime:0.001458s ]
INFO: [ app_end ] --START--
INFO: Run Behavior\ShowPageTraceBehavior [ RunTime:0.001431s ]
INFO: [ app_end ] --END-- [ RunTime:0.001536s ]

[ 2016-05-09T20:55:57+08:00 ] ::1 /thinkPHP/index.php/Home/UserService/PersonalhomepageSelf
INFO: [ app_init ] --START--
INFO: Run Behavior\BuildLiteBehavior [ RunTime:0.000035s ]
INFO: [ app_init ] --END-- [ RunTime:0.000859s ]
INFO: [ app_begin ] --START--
INFO: Run Behavior\ReadHtmlCacheBehavior [ RunTime:0.001423s ]
INFO: [ app_begin ] --END-- [ RunTime:0.001537s ]
INFO: [ view_parse ] --START--
INFO: [ template_filter ] --START--
INFO: Run Behavior\ContentReplaceBehavior [ RunTime:0.000080s ]
INFO: [ template_filter ] --END-- [ RunTime:0.000197s ]
NOTIC: [8] Undefined index: age C:\wamp64\www\thinkPHP\Application\Runtime\Cache\Home\fa7016a871d1432154e109bcb8e0604c.php 第 56 行.
NOTIC: [8] Undefined index: nick C:\wamp64\www\thinkPHP\Application\Runtime\Cache\Home\fa7016a871d1432154e109bcb8e0604c.php 第 59 行.
NOTIC: [8] Undefined index: sex C:\wamp64\www\thinkPHP\Application\Runtime\Cache\Home\fa7016a871d1432154e109bcb8e0604c.php 第 62 行.
NOTIC: [8] Undefined index: email C:\wamp64\www\thinkPHP\Application\Runtime\Cache\Home\fa7016a871d1432154e109bcb8e0604c.php 第 65 行.
NOTIC: [8] Undefined index: phone C:\wamp64\www\thinkPHP\Application\Runtime\Cache\Home\fa7016a871d1432154e109bcb8e0604c.php 第 68 行.
NOTIC: [8] Undefined index: identify C:\wamp64\www\thinkPHP\Application\Runtime\Cache\Home\fa7016a871d1432154e109bcb8e0604c.php 第 71 行.
NOTIC: [8] Undefined index: location C:\wamp64\www\thinkPHP\Application\Runtime\Cache\Home\fa7016a871d1432154e109bcb8e0604c.php 第 74 行.
NOTIC: [8] Undefined index: description C:\wamp64\www\thinkPHP\Application\Runtime\Cache\Home\fa7016a871d1432154e109bcb8e0604c.php 第 77 行.
NOTIC: [8] Undefined index: levela C:\wamp64\www\thinkPHP\Application\Runtime\Cache\Home\fa7016a871d1432154e109bcb8e0604c.php 第 84 行.
NOTIC: [8] Undefined index: levelb C:\wamp64\www\thinkPHP\Application\Runtime\Cache\Home\fa7016a871d1432154e109bcb8e0604c.php 第 89 行.
NOTIC: [8] Undefined index: levelc C:\wamp64\www\thinkPHP\Application\Runtime\Cache\Home\fa7016a871d1432154e109bcb8e0604c.php 第 94 行.
INFO: Run Behavior\ParseTemplateBehavior [ RunTime:0.011462s ]
INFO: [ view_parse ] --END-- [ RunTime:0.011573s ]
INFO: [ view_filter ] --START--
INFO: Run Behavior\WriteHtmlCacheBehavior [ RunTime:0.001357s ]
INFO: [ view_filter ] --END-- [ RunTime:0.001459s ]
INFO: [ app_end ] --START--
INFO: Run Behavior\ShowPageTraceBehavior [ RunTime:0.001452s ]
INFO: [ app_end ] --END-- [ RunTime:0.001556s ]

[ 2016-05-09T20:56:03+08:00 ] ::1 /thinkPHP/index.php/Home/UserService/uploadZ
INFO: [ app_init ] --START--
INFO: Run Behavior\BuildLiteBehavior [ RunTime:0.000024s ]
INFO: [ app_init ] --END-- [ RunTime:0.000589s ]
INFO: [ app_begin ] --START--
INFO: Run Behavior\ReadHtmlCacheBehavior [ RunTime:0.000731s ]
INFO: [ app_begin ] --END-- [ RunTime:0.000898s ]
NOTIC: [2] call_user_func() expects parameter 1 to be a valid callback, no array or string given C:\wamp64\www\thinkPHP\ThinkPHP\Library\Think\Upload.class.php 第 170 行.
NOTIC: [2] call_user_func() expects parameter 1 to be a valid callback, no array or string given C:\wamp64\www\thinkPHP\ThinkPHP\Library\Think\Upload.class.php 第 170 行.
NOTIC: [2] call_user_func() expects parameter 1 to be a valid callback, no array or string given C:\wamp64\www\thinkPHP\ThinkPHP\Library\Think\Upload.class.php 第 170 行.
INFO: [ view_parse ] --START--
INFO: [ template_filter ] --START--
INFO: Run Behavior\ContentReplaceBehavior [ RunTime:0.000064s ]
INFO: [ template_filter ] --END-- [ RunTime:0.000177s ]
INFO: Run Behavior\ParseTemplateBehavior [ RunTime:0.009160s ]
INFO: [ view_parse ] --END-- [ RunTime:0.009282s ]
INFO: [ view_filter ] --START--
INFO: Run Behavior\WriteHtmlCacheBehavior [ RunTime:0.001196s ]
INFO: [ view_filter ] --END-- [ RunTime:0.001301s ]
INFO: [ app_end ] --START--
INFO: Run Behavior\ShowPageTraceBehavior [ RunTime:0.001377s ]
INFO: [ app_end ] --END-- [ RunTime:0.001487s ]

[ 2016-05-09T20:56:04+08:00 ] ::1 /thinkPHP/index.php/Home/UserService/PersonalhomepageSelf
INFO: [ app_init ] --START--
INFO: Run Behavior\BuildLiteBehavior [ RunTime:0.000029s ]
INFO: [ app_init ] --END-- [ RunTime:0.001406s ]
INFO: [ app_begin ] --START--
INFO: Run Behavior\ReadHtmlCacheBehavior [ RunTime:0.001493s ]
INFO: [ app_begin ] --END-- [ RunTime:0.001621s ]
INFO: [ view_parse ] --START--
INFO: [ template_filter ] --START--
INFO: Run Behavior\ContentReplaceBehavior [ RunTime:0.000126s ]
INFO: [ template_filter ] --END-- [ RunTime:0.000278s ]
NOTIC: [8] Undefined index: age C:\wamp64\www\thinkPHP\Application\Runtime\Cache\Home\fa7016a871d1432154e109bcb8e0604c.php 第 56 行.
NOTIC: [8] Undefined index: nick C:\wamp64\www\thinkPHP\Application\Runtime\Cache\Home\fa7016a871d1432154e109bcb8e0604c.php 第 59 行.
NOTIC: [8] Undefined index: sex C:\wamp64\www\thinkPHP\Application\Runtime\Cache\Home\fa7016a871d1432154e109bcb8e0604c.php 第 62 行.
NOTIC: [8] Undefined index: email C:\wamp64\www\thinkPHP\Application\Runtime\Cache\Home\fa7016a871d1432154e109bcb8e0604c.php 第 65 行.
NOTIC: [8] Undefined index: phone C:\wamp64\www\thinkPHP\Application\Runtime\Cache\Home\fa7016a871d1432154e109bcb8e0604c.php 第 68 行.
NOTIC: [8] Undefined index: identify C:\wamp64\www\thinkPHP\Application\Runtime\Cache\Home\fa7016a871d1432154e109bcb8e0604c.php 第 71 行.
NOTIC: [8] Undefined index: location C:\wamp64\www\thinkPHP\Application\Runtime\Cache\Home\fa7016a871d1432154e109bcb8e0604c.php 第 74 行.
NOTIC: [8] Undefined index: description C:\wamp64\www\thinkPHP\Application\Runtime\Cache\Home\fa7016a871d1432154e109bcb8e0604c.php 第 77 行.
NOTIC: [8] Undefined index: levela C:\wamp64\www\thinkPHP\Application\Runtime\Cache\Home\fa7016a871d1432154e109bcb8e0604c.php 第 84 行.
NOTIC: [8] Undefined index: levelb C:\wamp64\www\thinkPHP\Application\Runtime\Cache\Home\fa7016a871d1432154e109bcb8e0604c.php 第 89 行.
NOTIC: [8] Undefined index: levelc C:\wamp64\www\thinkPHP\Application\Runtime\Cache\Home\fa7016a871d1432154e109bcb8e0604c.php 第 94 行.
INFO: Run Behavior\ParseTemplateBehavior [ RunTime:0.012181s ]
INFO: [ view_parse ] --END-- [ RunTime:0.012309s ]
INFO: [ view_filter ] --START--
INFO: Run Behavior\WriteHtmlCacheBehavior [ RunTime:0.001597s ]
INFO: [ view_filter ] --END-- [ RunTime:0.001717s ]
INFO: [ app_end ] --START--
INFO: Run Behavior\ShowPageTraceBehavior [ RunTime:0.001547s ]
INFO: [ app_end ] --END-- [ RunTime:0.001662s ]

[ 2016-05-09T20:59:05+08:00 ] ::1 /thinkPHP/index.php/Home/UserService/PersonalhomepageSelf
INFO: [ app_init ] --START--
INFO: Run Behavior\BuildLiteBehavior [ RunTime:0.000025s ]
INFO: [ app_init ] --END-- [ RunTime:0.000719s ]
INFO: [ app_begin ] --START--
INFO: Run Behavior\ReadHtmlCacheBehavior [ RunTime:0.000904s ]
INFO: [ app_begin ] --END-- [ RunTime:0.001017s ]
INFO: [ view_parse ] --START--
INFO: [ template_filter ] --START--
INFO: Run Behavior\ContentReplaceBehavior [ RunTime:0.000087s ]
INFO: [ template_filter ] --END-- [ RunTime:0.000210s ]
NOTIC: [8] Undefined index: age C:\wamp64\www\thinkPHP\Application\Runtime\Cache\Home\fa7016a871d1432154e109bcb8e0604c.php 第 56 行.
NOTIC: [8] Undefined index: nick C:\wamp64\www\thinkPHP\Application\Runtime\Cache\Home\fa7016a871d1432154e109bcb8e0604c.php 第 59 行.
NOTIC: [8] Undefined index: sex C:\wamp64\www\thinkPHP\Application\Runtime\Cache\Home\fa7016a871d1432154e109bcb8e0604c.php 第 62 行.
NOTIC: [8] Undefined index: email C:\wamp64\www\thinkPHP\Application\Runtime\Cache\Home\fa7016a871d1432154e109bcb8e0604c.php 第 65 行.
NOTIC: [8] Undefined index: phone C:\wamp64\www\thinkPHP\Application\Runtime\Cache\Home\fa7016a871d1432154e109bcb8e0604c.php 第 68 行.
NOTIC: [8] Undefined index: identify C:\wamp64\www\thinkPHP\Application\Runtime\Cache\Home\fa7016a871d1432154e109bcb8e0604c.php 第 71 行.
NOTIC: [8] Undefined index: location C:\wamp64\www\thinkPHP\Application\Runtime\Cache\Home\fa7016a871d1432154e109bcb8e0604c.php 第 74 行.
NOTIC: [8] Undefined index: description C:\wamp64\www\thinkPHP\Application\Runtime\Cache\Home\fa7016a871d1432154e109bcb8e0604c.php 第 77 行.
NOTIC: [8] Undefined index: levela C:\wamp64\www\thinkPHP\Application\Runtime\Cache\Home\fa7016a871d1432154e109bcb8e0604c.php 第 84 行.
NOTIC: [8] Undefined index: levelb C:\wamp64\www\thinkPHP\Application\Runtime\Cache\Home\fa7016a871d1432154e109bcb8e0604c.php 第 89 行.
NOTIC: [8] Undefined index: levelc C:\wamp64\www\thinkPHP\Application\Runtime\Cache\Home\fa7016a871d1432154e109bcb8e0604c.php 第 94 行.
INFO: Run Behavior\ParseTemplateBehavior [ RunTime:0.009248s ]
INFO: [ view_parse ] --END-- [ RunTime:0.009382s ]
INFO: [ view_filter ] --START--
INFO: Run Behavior\WriteHtmlCacheBehavior [ RunTime:0.000746s ]
INFO: [ view_filter ] --END-- [ RunTime:0.000898s ]
INFO: [ app_end ] --START--
INFO: Run Behavior\ShowPageTraceBehavior [ RunTime:0.000960s ]
INFO: [ app_end ] --END-- [ RunTime:0.001109s ]

[ 2016-05-09T20:59:11+08:00 ] ::1 /thinkPHP/index.php/Home/UserService/uploadZ
INFO: [ app_init ] --START--
INFO: Run Behavior\BuildLiteBehavior [ RunTime:0.000025s ]
INFO: [ app_init ] --END-- [ RunTime:0.000564s ]
INFO: [ app_begin ] --START--
INFO: Run Behavior\ReadHtmlCacheBehavior [ RunTime:0.000713s ]
INFO: [ app_begin ] --END-- [ RunTime:0.000831s ]
NOTIC: [2] call_user_func() expects parameter 1 to be a valid callback, no array or string given C:\wamp64\www\thinkPHP\ThinkPHP\Library\Think\Upload.class.php 第 170 行.
NOTIC: [2] call_user_func() expects parameter 1 to be a valid callback, no array or string given C:\wamp64\www\thinkPHP\ThinkPHP\Library\Think\Upload.class.php 第 170 行.
NOTIC: [2] call_user_func() expects parameter 1 to be a valid callback, no array or string given C:\wamp64\www\thinkPHP\ThinkPHP\Library\Think\Upload.class.php 第 170 行.
SQL: SHOW COLUMNS FROM `sq_teacher` [ RunTime:0.0016s ]
ERR: 1064:You have an error in your SQL syntax; check the manual that corresponds to your MySQL server version for the right syntax to use near ')' at line 1
 [ SQL语句 ] : UPDATE `sq_teacher` SET `coa`='5730899ee88a7.gif5730899ee8fde.gif5730899ee97e6.gif' WHERE ( phone= )
ERR: 1064:You have an error in your SQL syntax; check the manual that corresponds to your MySQL server version for the right syntax to use near ')' at line 1
 [ SQL语句 ] : UPDATE `sq_teacher` SET `coa`='5730899ee88a7.gif5730899ee8fde.gif5730899ee97e6.gif' WHERE ( phone= )

