[ 2016-06-12T00:27:22+08:00 ] ::1 /thinkPHP/index.php/Home/UserService/login
INFO: [ app_init ] --START--
INFO: Run Behavior\BuildLiteBehavior [ RunTime:0.000033s ]
INFO: [ app_init ] --END-- [ RunTime:0.001283s ]
INFO: [ app_begin ] --START--
INFO: Run Behavior\ReadHtmlCacheBehavior [ RunTime:0.010194s ]
INFO: [ app_begin ] --END-- [ RunTime:0.010360s ]
INFO: [ view_parse ] --START--
INFO: [ template_filter ] --START--
INFO: Run Behavior\ContentReplaceBehavior [ RunTime:0.013213s ]
INFO: [ template_filter ] --END-- [ RunTime:0.013368s ]
INFO: Run Behavior\ParseTemplateBehavior [ RunTime:0.066470s ]
INFO: [ view_parse ] --END-- [ RunTime:0.066637s ]
INFO: [ view_filter ] --START--
INFO: Run Behavior\WriteHtmlCacheBehavior [ RunTime:0.010818s ]
INFO: [ view_filter ] --END-- [ RunTime:0.010963s ]
INFO: [ app_end ] --START--
INFO: Run Behavior\ShowPageTraceBehavior [ RunTime:0.022896s ]
INFO: [ app_end ] --END-- [ RunTime:0.023103s ]

[ 2016-06-12T00:27:23+08:00 ] ::1 /thinkPHP/index.php/Home/UserService/valid
INFO: [ app_init ] --START--
INFO: Run Behavior\BuildLiteBehavior [ RunTime:0.000055s ]
INFO: [ app_init ] --END-- [ RunTime:0.000947s ]
INFO: [ app_begin ] --START--
INFO: Run Behavior\ReadHtmlCacheBehavior [ RunTime:0.000782s ]
INFO: [ app_begin ] --END-- [ RunTime:0.000907s ]
INFO: [ app_end ] --START--
INFO: Run Behavior\ShowPageTraceBehavior [ RunTime:0.001934s ]
INFO: [ app_end ] --END-- [ RunTime:0.002108s ]

[ 2016-06-12T19:47:51+08:00 ] ::1 /thinkPHP/index.php/Home/UserService/index
INFO: [ app_init ] --START--
INFO: Run Behavior\BuildLiteBehavior [ RunTime:0.000040s ]
INFO: [ app_init ] --END-- [ RunTime:0.001558s ]
INFO: [ app_begin ] --START--
INFO: Run Behavior\ReadHtmlCacheBehavior [ RunTime:0.010349s ]
INFO: [ app_begin ] --END-- [ RunTime:0.010515s ]
INFO: [ view_parse ] --START--
INFO: [ template_filter ] --START--
INFO: Run Behavior\ContentReplaceBehavior [ RunTime:0.012106s ]
INFO: [ template_filter ] --END-- [ RunTime:0.012251s ]
NOTIC: [8] Undefined variable: list C:\wamp64\www\thinkPHP\Application\Runtime\Cache\Home\335144dbeaf03ea3cddadd2a012b3a45.php 第 57 行.
INFO: Run Behavior\ParseTemplateBehavior [ RunTime:0.071738s ]
INFO: [ view_parse ] --END-- [ RunTime:0.071914s ]
INFO: [ view_filter ] --START--
INFO: Run Behavior\WriteHtmlCacheBehavior [ RunTime:0.010914s ]
INFO: [ view_filter ] --END-- [ RunTime:0.011046s ]
INFO: [ app_end ] --START--
INFO: Run Behavior\ShowPageTraceBehavior [ RunTime:0.023000s ]
INFO: [ app_end ] --END-- [ RunTime:0.023135s ]

