[ 2016-07-19T19:26:08+08:00 ] ::1 /thinkPHP/Public/upload/head/%E5%B0%8F%E4%B8%80%E5%AD%90.png
INFO: [ app_init ] --START--
INFO: Run Behavior\BuildLiteBehavior [ RunTime:0.000043s ]
INFO: [ app_init ] --END-- [ RunTime:0.000733s ]
ERR: 无法加载模块:Public

[ 2016-07-19T19:27:48+08:00 ] ::1 /thinkPHP/Public/upload/head/5.png
INFO: [ app_init ] --START--
INFO: Run Behavior\BuildLiteBehavior [ RunTime:0.000049s ]
INFO: [ app_init ] --END-- [ RunTime:0.000915s ]
ERR: 无法加载模块:Public

[ 2016-07-19T19:27:48+08:00 ] ::1 /thinkPHP/Public/upload/head/5.png
INFO: [ app_init ] --START--
INFO: Run Behavior\BuildLiteBehavior [ RunTime:0.000030s ]
INFO: [ app_init ] --END-- [ RunTime:0.001587s ]
ERR: 无法加载模块:Public

[ 2016-07-19T19:27:48+08:00 ] ::1 /thinkPHP/Public/upload/head/5.png
INFO: [ app_init ] --START--
INFO: Run Behavior\BuildLiteBehavior [ RunTime:0.000041s ]
INFO: [ app_init ] --END-- [ RunTime:0.000812s ]
ERR: 无法加载模块:Public

[ 2016-07-19T19:27:55+08:00 ] ::1 /thinkPHP/Public/upload/head/5.png
INFO: [ app_init ] --START--
INFO: Run Behavior\BuildLiteBehavior [ RunTime:0.000039s ]
INFO: [ app_init ] --END-- [ RunTime:0.000580s ]
ERR: 无法加载模块:Public

[ 2016-07-19T19:32:20+08:00 ] ::1 /thinkPHP/Public/upload/head/5.png
INFO: [ app_init ] --START--
INFO: Run Behavior\BuildLiteBehavior [ RunTime:0.000047s ]
INFO: [ app_init ] --END-- [ RunTime:0.001003s ]
ERR: 无法加载模块:Public

[ 2016-07-19T19:32:31+08:00 ] ::1 /thinkPHP/Public/upload/head/5.png
INFO: [ app_init ] --START--
INFO: Run Behavior\BuildLiteBehavior [ RunTime:0.000045s ]
INFO: [ app_init ] --END-- [ RunTime:0.000628s ]
ERR: 无法加载模块:Public

[ 2016-07-19T19:32:39+08:00 ] ::1 /thinkPHP/Public/upload/head/5.png
INFO: [ app_init ] --START--
INFO: Run Behavior\BuildLiteBehavior [ RunTime:0.000033s ]
INFO: [ app_init ] --END-- [ RunTime:0.001154s ]
ERR: 无法加载模块:Public

[ 2016-07-19T19:32:43+08:00 ] ::1 /thinkPHP/Public/upload/head/8.png
INFO: [ app_init ] --START--
INFO: Run Behavior\BuildLiteBehavior [ RunTime:0.000044s ]
INFO: [ app_init ] --END-- [ RunTime:0.000886s ]
ERR: 无法加载模块:Public

